#
# There is insufficient memory for the Java Runtime Environment to continue.
# Native memory allocation (malloc) failed to allocate 44720 bytes for Chunk::new
# Possible reasons:
#   The system is out of physical RAM or swap space
#   The process is running with CompressedOops enabled, and the Java Heap may be blocking the growth of the native heap
# Possible solutions:
#   Reduce memory load on the system
#   Increase physical memory or swap space
#   Check if swap backing store is full
#   Decrease Java heap size (-Xmx/-Xms)
#   Decrease number of Java threads
#   Decrease Java thread stack sizes (-Xss)
#   Set larger code cache with -XX:ReservedCodeCacheSize=
#   JVM is running with Unscaled Compressed Oops mode in which the Java heap is
#     placed in the first 4GB address space. The Java Heap base address is the
#     maximum limit for the native heap growth. Please use -XX:HeapBaseMinAddress
#     to set the Java Heap base and to place the Java Heap above 4GB virtual address.
# This output file may be truncated or incomplete.
#
#  Out of Memory Error (arena.cpp:189), pid=16116, tid=18288
#
# JRE version: OpenJDK Runtime Environment Temurin-17.0.6+10 (17.0.6+10) (build 17.0.6+10)
# Java VM: OpenJDK 64-Bit Server VM Temurin-17.0.6+10 (17.0.6+10, mixed mode, tiered, compressed oops, compressed class ptrs, g1 gc, windows-amd64)
# No core dump will be written. Minidumps are not enabled by default on client versions of Windows
#

---------------  S U M M A R Y ------------

Command Line: -ea -XX:+ShowCodeDetailsInExceptionMessages -Dfile.encoding=UTF-8 org.eclipse.jdt.internal.junit.runner.RemoteTestRunner -version 3 -port 64792 -testLoaderClass org.eclipse.jdt.internal.junit5.runner.JUnit5TestLoader -loaderpluginname org.eclipse.jdt.junit5.runtime -test org.es2locadora.unit.ClienteTest:naoDeveCriarClienteSemAtributoObrigatorio

Host: Intel(R) Core(TM) i3-9100F CPU @ 3.60GHz, 4 cores, 7G,  Windows 11 , 64 bit Build 22621 (10.0.22621.2428)
Time: Sun Oct 15 21:48:46 2023 Hora oficial do Brasil elapsed time: 0.200542 seconds (0d 0h 0m 0s)

---------------  T H R E A D  ---------------

Current thread (0x000001eb7a92e620):  JavaThread "C2 CompilerThread0" daemon [_thread_in_native, id=18288, stack(0x0000002137800000,0x0000002137900000)]


Current CompileTask:
C2:    200  147 %     4       java.lang.StringLatin1::indexOfChar @ 7 (33 bytes)

Stack: [0x0000002137800000,0x0000002137900000]
Native frames: (J=compiled Java code, j=interpreted, Vv=VM code, C=native code)
V  [jvm.dll+0x67741a]
V  [jvm.dll+0x834434]
V  [jvm.dll+0x835bde]
V  [jvm.dll+0x836243]
V  [jvm.dll+0x2457b5]
V  [jvm.dll+0xabafc]
V  [jvm.dll+0xac0cc]
V  [jvm.dll+0x3634e7]
V  [jvm.dll+0x32dda1]
V  [jvm.dll+0x32d24a]
V  [jvm.dll+0x2185f1]
V  [jvm.dll+0x217a11]
V  [jvm.dll+0x1a3d0d]
V  [jvm.dll+0x22742a]
V  [jvm.dll+0x225565]
V  [jvm.dll+0x7ea2cb]
V  [jvm.dll+0x7e483a]
V  [jvm.dll+0x6762c5]
C  [ucrtbase.dll+0x29363]
C  [KERNEL32.DLL+0x1257d]
C  [ntdll.dll+0x5aa78]


---------------  P R O C E S S  ---------------

Threads class SMR info:
_java_thread_list=0x000001eb7b5789e0, length=12, elements={
0x000001eb70bc9690, 0x000001eb7a91a380, 0x000001eb7a91d9a0, 0x000001eb7a92b970,
0x000001eb7a92c520, 0x000001eb7a92cfd0, 0x000001eb7a92d980, 0x000001eb7a92e620,
0x000001eb7b4662d0, 0x000001eb7b4992e0, 0x000001eb7b596150, 0x000001eb7b5aaf40
}

Java Threads: ( => current thread )
  0x000001eb70bc9690 JavaThread "main" [_thread_in_vm, id=15720, stack(0x0000002136b00000,0x0000002136c00000)]
  0x000001eb7a91a380 JavaThread "Reference Handler" daemon [_thread_blocked, id=18800, stack(0x0000002137200000,0x0000002137300000)]
  0x000001eb7a91d9a0 JavaThread "Finalizer" daemon [_thread_blocked, id=15964, stack(0x0000002137300000,0x0000002137400000)]
  0x000001eb7a92b970 JavaThread "Signal Dispatcher" daemon [_thread_blocked, id=18688, stack(0x0000002137400000,0x0000002137500000)]
  0x000001eb7a92c520 JavaThread "Attach Listener" daemon [_thread_blocked, id=16632, stack(0x0000002137500000,0x0000002137600000)]
  0x000001eb7a92cfd0 JavaThread "Service Thread" daemon [_thread_blocked, id=18640, stack(0x0000002137600000,0x0000002137700000)]
  0x000001eb7a92d980 JavaThread "Monitor Deflation Thread" daemon [_thread_blocked, id=18496, stack(0x0000002137700000,0x0000002137800000)]
=>0x000001eb7a92e620 JavaThread "C2 CompilerThread0" daemon [_thread_in_native, id=18288, stack(0x0000002137800000,0x0000002137900000)]
  0x000001eb7b4662d0 JavaThread "C1 CompilerThread0" daemon [_thread_blocked, id=8648, stack(0x0000002137900000,0x0000002137a00000)]
  0x000001eb7b4992e0 JavaThread "Sweeper thread" daemon [_thread_blocked, id=1772, stack(0x0000002137a00000,0x0000002137b00000)]
  0x000001eb7b596150 JavaThread "Notification Thread" daemon [_thread_blocked, id=4736, stack(0x0000002137b00000,0x0000002137c00000)]
  0x000001eb7b5aaf40 JavaThread "Common-Cleaner" daemon [_thread_blocked, id=18400, stack(0x0000002137d00000,0x0000002137e00000)]

Other Threads:
  0x000001eb7a8ca620 VMThread "VM Thread" [stack: 0x0000002137100000,0x0000002137200000] [id=13380]
  0x000001eb7b59a640 WatcherThread [stack: 0x0000002137c00000,0x0000002137d00000] [id=4528]
  0x000001eb70c23350 GCTaskThread "GC Thread#0" [stack: 0x0000002136c00000,0x0000002136d00000] [id=15504]
  0x000001eb70c351a0 ConcurrentGCThread "G1 Main Marker" [stack: 0x0000002136d00000,0x0000002136e00000] [id=13264]
  0x000001eb70c35bb0 ConcurrentGCThread "G1 Conc#0" [stack: 0x0000002136e00000,0x0000002136f00000] [id=7520]
  0x000001eb7a7624c0 ConcurrentGCThread "G1 Refine#0" [stack: 0x0000002136f00000,0x0000002137000000] [id=892]
  0x000001eb7a762ee0 ConcurrentGCThread "G1 Service" [stack: 0x0000002137000000,0x0000002137100000] [id=13740]

Threads with active compile tasks:
C2 CompilerThread0      225  147 %     4       java.lang.StringLatin1::indexOfChar @ 7 (33 bytes)

VM state: not at safepoint (normal execution)

VM Mutex/Monitor currently owned by a thread:  ([mutex/lock_event])
[0x000001eb70bc33a0] Metaspace_lock - owner thread: 0x000001eb70bc9690

Heap address: 0x0000000080800000, size: 2040 MB, Compressed Oops mode: 32-bit

CDS archive(s) not mapped
Compressed class space mapped at: 0x0000000100000000-0x0000000140000000, reserved size: 1073741824
Narrow klass base: 0x0000000000000000, Narrow klass shift: 3, Narrow klass range: 0x140000000

GC Precious Log:
 CPUs: 4 total, 4 available
 Memory: 8154M
 Large Page Support: Disabled
 NUMA Support: Disabled
 Compressed Oops: Enabled (32-bit)
 Heap Region Size: 1M
 Heap Min Capacity: 8M
 Heap Initial Capacity: 128M
 Heap Max Capacity: 2040M
 Pre-touch: Disabled
 Parallel Workers: 4
 Concurrent Workers: 1
 Concurrent Refinement Workers: 4
 Periodic GC: Disabled

Heap:
 garbage-first heap   total 131072K, used 3072K [0x0000000080800000, 0x0000000100000000)
  region size 1024K, 3 young (3072K), 0 survivors (0K)
 Metaspace       used 4174K, committed 4224K, reserved 1056768K
  class space    used 383K, committed 384K, reserved 1048576K

Heap Regions: E=young(eden), S=young(survivor), O=old, HS=humongous(starts), HC=humongous(continues), CS=collection set, F=free, OA=open archive, CA=closed archive, TAMS=top-at-mark-start (previous, next)
|   0|0x0000000080800000, 0x0000000080900000, 0x0000000080900000|100%|HS|  |TAMS 0x0000000080800000, 0x0000000080800000| Complete 
|   1|0x0000000080900000, 0x0000000080900000, 0x0000000080a00000|  0%| F|  |TAMS 0x0000000080900000, 0x0000000080900000| Untracked 
|   2|0x0000000080a00000, 0x0000000080a00000, 0x0000000080b00000|  0%| F|  |TAMS 0x0000000080a00000, 0x0000000080a00000| Untracked 
|   3|0x0000000080b00000, 0x0000000080b00000, 0x0000000080c00000|  0%| F|  |TAMS 0x0000000080b00000, 0x0000000080b00000| Untracked 
|   4|0x0000000080c00000, 0x0000000080c00000, 0x0000000080d00000|  0%| F|  |TAMS 0x0000000080c00000, 0x0000000080c00000| Untracked 
|   5|0x0000000080d00000, 0x0000000080d00000, 0x0000000080e00000|  0%| F|  |TAMS 0x0000000080d00000, 0x0000000080d00000| Untracked 
|   6|0x0000000080e00000, 0x0000000080e00000, 0x0000000080f00000|  0%| F|  |TAMS 0x0000000080e00000, 0x0000000080e00000| Untracked 
|   7|0x0000000080f00000, 0x0000000080f00000, 0x0000000081000000|  0%| F|  |TAMS 0x0000000080f00000, 0x0000000080f00000| Untracked 
|   8|0x0000000081000000, 0x0000000081000000, 0x0000000081100000|  0%| F|  |TAMS 0x0000000081000000, 0x0000000081000000| Untracked 
|   9|0x0000000081100000, 0x0000000081100000, 0x0000000081200000|  0%| F|  |TAMS 0x0000000081100000, 0x0000000081100000| Untracked 
|  10|0x0000000081200000, 0x0000000081200000, 0x0000000081300000|  0%| F|  |TAMS 0x0000000081200000, 0x0000000081200000| Untracked 
|  11|0x0000000081300000, 0x0000000081300000, 0x0000000081400000|  0%| F|  |TAMS 0x0000000081300000, 0x0000000081300000| Untracked 
|  12|0x0000000081400000, 0x0000000081400000, 0x0000000081500000|  0%| F|  |TAMS 0x0000000081400000, 0x0000000081400000| Untracked 
|  13|0x0000000081500000, 0x0000000081500000, 0x0000000081600000|  0%| F|  |TAMS 0x0000000081500000, 0x0000000081500000| Untracked 
|  14|0x0000000081600000, 0x0000000081600000, 0x0000000081700000|  0%| F|  |TAMS 0x0000000081600000, 0x0000000081600000| Untracked 
|  15|0x0000000081700000, 0x0000000081700000, 0x0000000081800000|  0%| F|  |TAMS 0x0000000081700000, 0x0000000081700000| Untracked 
|  16|0x0000000081800000, 0x0000000081800000, 0x0000000081900000|  0%| F|  |TAMS 0x0000000081800000, 0x0000000081800000| Untracked 
|  17|0x0000000081900000, 0x0000000081900000, 0x0000000081a00000|  0%| F|  |TAMS 0x0000000081900000, 0x0000000081900000| Untracked 
|  18|0x0000000081a00000, 0x0000000081a00000, 0x0000000081b00000|  0%| F|  |TAMS 0x0000000081a00000, 0x0000000081a00000| Untracked 
|  19|0x0000000081b00000, 0x0000000081b00000, 0x0000000081c00000|  0%| F|  |TAMS 0x0000000081b00000, 0x0000000081b00000| Untracked 
|  20|0x0000000081c00000, 0x0000000081c00000, 0x0000000081d00000|  0%| F|  |TAMS 0x0000000081c00000, 0x0000000081c00000| Untracked 
|  21|0x0000000081d00000, 0x0000000081d00000, 0x0000000081e00000|  0%| F|  |TAMS 0x0000000081d00000, 0x0000000081d00000| Untracked 
|  22|0x0000000081e00000, 0x0000000081e00000, 0x0000000081f00000|  0%| F|  |TAMS 0x0000000081e00000, 0x0000000081e00000| Untracked 
|  23|0x0000000081f00000, 0x0000000081f00000, 0x0000000082000000|  0%| F|  |TAMS 0x0000000081f00000, 0x0000000081f00000| Untracked 
|  24|0x0000000082000000, 0x0000000082000000, 0x0000000082100000|  0%| F|  |TAMS 0x0000000082000000, 0x0000000082000000| Untracked 
|  25|0x0000000082100000, 0x0000000082100000, 0x0000000082200000|  0%| F|  |TAMS 0x0000000082100000, 0x0000000082100000| Untracked 
|  26|0x0000000082200000, 0x0000000082200000, 0x0000000082300000|  0%| F|  |TAMS 0x0000000082200000, 0x0000000082200000| Untracked 
|  27|0x0000000082300000, 0x0000000082300000, 0x0000000082400000|  0%| F|  |TAMS 0x0000000082300000, 0x0000000082300000| Untracked 
|  28|0x0000000082400000, 0x0000000082400000, 0x0000000082500000|  0%| F|  |TAMS 0x0000000082400000, 0x0000000082400000| Untracked 
|  29|0x0000000082500000, 0x0000000082500000, 0x0000000082600000|  0%| F|  |TAMS 0x0000000082500000, 0x0000000082500000| Untracked 
|  30|0x0000000082600000, 0x0000000082600000, 0x0000000082700000|  0%| F|  |TAMS 0x0000000082600000, 0x0000000082600000| Untracked 
|  31|0x0000000082700000, 0x0000000082700000, 0x0000000082800000|  0%| F|  |TAMS 0x0000000082700000, 0x0000000082700000| Untracked 
|  32|0x0000000082800000, 0x0000000082800000, 0x0000000082900000|  0%| F|  |TAMS 0x0000000082800000, 0x0000000082800000| Untracked 
|  33|0x0000000082900000, 0x0000000082900000, 0x0000000082a00000|  0%| F|  |TAMS 0x0000000082900000, 0x0000000082900000| Untracked 
|  34|0x0000000082a00000, 0x0000000082a00000, 0x0000000082b00000|  0%| F|  |TAMS 0x0000000082a00000, 0x0000000082a00000| Untracked 
|  35|0x0000000082b00000, 0x0000000082b00000, 0x0000000082c00000|  0%| F|  |TAMS 0x0000000082b00000, 0x0000000082b00000| Untracked 
|  36|0x0000000082c00000, 0x0000000082c00000, 0x0000000082d00000|  0%| F|  |TAMS 0x0000000082c00000, 0x0000000082c00000| Untracked 
|  37|0x0000000082d00000, 0x0000000082d00000, 0x0000000082e00000|  0%| F|  |TAMS 0x0000000082d00000, 0x0000000082d00000| Untracked 
|  38|0x0000000082e00000, 0x0000000082e00000, 0x0000000082f00000|  0%| F|  |TAMS 0x0000000082e00000, 0x0000000082e00000| Untracked 
|  39|0x0000000082f00000, 0x0000000082f00000, 0x0000000083000000|  0%| F|  |TAMS 0x0000000082f00000, 0x0000000082f00000| Untracked 
|  40|0x0000000083000000, 0x0000000083000000, 0x0000000083100000|  0%| F|  |TAMS 0x0000000083000000, 0x0000000083000000| Untracked 
|  41|0x0000000083100000, 0x0000000083100000, 0x0000000083200000|  0%| F|  |TAMS 0x0000000083100000, 0x0000000083100000| Untracked 
|  42|0x0000000083200000, 0x0000000083200000, 0x0000000083300000|  0%| F|  |TAMS 0x0000000083200000, 0x0000000083200000| Untracked 
|  43|0x0000000083300000, 0x0000000083300000, 0x0000000083400000|  0%| F|  |TAMS 0x0000000083300000, 0x0000000083300000| Untracked 
|  44|0x0000000083400000, 0x0000000083400000, 0x0000000083500000|  0%| F|  |TAMS 0x0000000083400000, 0x0000000083400000| Untracked 
|  45|0x0000000083500000, 0x0000000083500000, 0x0000000083600000|  0%| F|  |TAMS 0x0000000083500000, 0x0000000083500000| Untracked 
|  46|0x0000000083600000, 0x0000000083600000, 0x0000000083700000|  0%| F|  |TAMS 0x0000000083600000, 0x0000000083600000| Untracked 
|  47|0x0000000083700000, 0x0000000083700000, 0x0000000083800000|  0%| F|  |TAMS 0x0000000083700000, 0x0000000083700000| Untracked 
|  48|0x0000000083800000, 0x0000000083800000, 0x0000000083900000|  0%| F|  |TAMS 0x0000000083800000, 0x0000000083800000| Untracked 
|  49|0x0000000083900000, 0x0000000083900000, 0x0000000083a00000|  0%| F|  |TAMS 0x0000000083900000, 0x0000000083900000| Untracked 
|  50|0x0000000083a00000, 0x0000000083a00000, 0x0000000083b00000|  0%| F|  |TAMS 0x0000000083a00000, 0x0000000083a00000| Untracked 
|  51|0x0000000083b00000, 0x0000000083b00000, 0x0000000083c00000|  0%| F|  |TAMS 0x0000000083b00000, 0x0000000083b00000| Untracked 
|  52|0x0000000083c00000, 0x0000000083c00000, 0x0000000083d00000|  0%| F|  |TAMS 0x0000000083c00000, 0x0000000083c00000| Untracked 
|  53|0x0000000083d00000, 0x0000000083d00000, 0x0000000083e00000|  0%| F|  |TAMS 0x0000000083d00000, 0x0000000083d00000| Untracked 
|  54|0x0000000083e00000, 0x0000000083e00000, 0x0000000083f00000|  0%| F|  |TAMS 0x0000000083e00000, 0x0000000083e00000| Untracked 
|  55|0x0000000083f00000, 0x0000000083f00000, 0x0000000084000000|  0%| F|  |TAMS 0x0000000083f00000, 0x0000000083f00000| Untracked 
|  56|0x0000000084000000, 0x0000000084000000, 0x0000000084100000|  0%| F|  |TAMS 0x0000000084000000, 0x0000000084000000| Untracked 
|  57|0x0000000084100000, 0x0000000084100000, 0x0000000084200000|  0%| F|  |TAMS 0x0000000084100000, 0x0000000084100000| Untracked 
|  58|0x0000000084200000, 0x0000000084200000, 0x0000000084300000|  0%| F|  |TAMS 0x0000000084200000, 0x0000000084200000| Untracked 
|  59|0x0000000084300000, 0x0000000084300000, 0x0000000084400000|  0%| F|  |TAMS 0x0000000084300000, 0x0000000084300000| Untracked 
|  60|0x0000000084400000, 0x0000000084400000, 0x0000000084500000|  0%| F|  |TAMS 0x0000000084400000, 0x0000000084400000| Untracked 
|  61|0x0000000084500000, 0x0000000084500000, 0x0000000084600000|  0%| F|  |TAMS 0x0000000084500000, 0x0000000084500000| Untracked 
|  62|0x0000000084600000, 0x0000000084600000, 0x0000000084700000|  0%| F|  |TAMS 0x0000000084600000, 0x0000000084600000| Untracked 
|  63|0x0000000084700000, 0x0000000084700000, 0x0000000084800000|  0%| F|  |TAMS 0x0000000084700000, 0x0000000084700000| Untracked 
|  64|0x0000000084800000, 0x0000000084800000, 0x0000000084900000|  0%| F|  |TAMS 0x0000000084800000, 0x0000000084800000| Untracked 
|  65|0x0000000084900000, 0x0000000084900000, 0x0000000084a00000|  0%| F|  |TAMS 0x0000000084900000, 0x0000000084900000| Untracked 
|  66|0x0000000084a00000, 0x0000000084a00000, 0x0000000084b00000|  0%| F|  |TAMS 0x0000000084a00000, 0x0000000084a00000| Untracked 
|  67|0x0000000084b00000, 0x0000000084b00000, 0x0000000084c00000|  0%| F|  |TAMS 0x0000000084b00000, 0x0000000084b00000| Untracked 
|  68|0x0000000084c00000, 0x0000000084c00000, 0x0000000084d00000|  0%| F|  |TAMS 0x0000000084c00000, 0x0000000084c00000| Untracked 
|  69|0x0000000084d00000, 0x0000000084d00000, 0x0000000084e00000|  0%| F|  |TAMS 0x0000000084d00000, 0x0000000084d00000| Untracked 
|  70|0x0000000084e00000, 0x0000000084e00000, 0x0000000084f00000|  0%| F|  |TAMS 0x0000000084e00000, 0x0000000084e00000| Untracked 
|  71|0x0000000084f00000, 0x0000000084f00000, 0x0000000085000000|  0%| F|  |TAMS 0x0000000084f00000, 0x0000000084f00000| Untracked 
|  72|0x0000000085000000, 0x0000000085000000, 0x0000000085100000|  0%| F|  |TAMS 0x0000000085000000, 0x0000000085000000| Untracked 
|  73|0x0000000085100000, 0x0000000085100000, 0x0000000085200000|  0%| F|  |TAMS 0x0000000085100000, 0x0000000085100000| Untracked 
|  74|0x0000000085200000, 0x0000000085200000, 0x0000000085300000|  0%| F|  |TAMS 0x0000000085200000, 0x0000000085200000| Untracked 
|  75|0x0000000085300000, 0x0000000085300000, 0x0000000085400000|  0%| F|  |TAMS 0x0000000085300000, 0x0000000085300000| Untracked 
|  76|0x0000000085400000, 0x0000000085400000, 0x0000000085500000|  0%| F|  |TAMS 0x0000000085400000, 0x0000000085400000| Untracked 
|  77|0x0000000085500000, 0x0000000085500000, 0x0000000085600000|  0%| F|  |TAMS 0x0000000085500000, 0x0000000085500000| Untracked 
|  78|0x0000000085600000, 0x0000000085600000, 0x0000000085700000|  0%| F|  |TAMS 0x0000000085600000, 0x0000000085600000| Untracked 
|  79|0x0000000085700000, 0x0000000085700000, 0x0000000085800000|  0%| F|  |TAMS 0x0000000085700000, 0x0000000085700000| Untracked 
|  80|0x0000000085800000, 0x0000000085800000, 0x0000000085900000|  0%| F|  |TAMS 0x0000000085800000, 0x0000000085800000| Untracked 
|  81|0x0000000085900000, 0x0000000085900000, 0x0000000085a00000|  0%| F|  |TAMS 0x0000000085900000, 0x0000000085900000| Untracked 
|  82|0x0000000085a00000, 0x0000000085a00000, 0x0000000085b00000|  0%| F|  |TAMS 0x0000000085a00000, 0x0000000085a00000| Untracked 
|  83|0x0000000085b00000, 0x0000000085b00000, 0x0000000085c00000|  0%| F|  |TAMS 0x0000000085b00000, 0x0000000085b00000| Untracked 
|  84|0x0000000085c00000, 0x0000000085c00000, 0x0000000085d00000|  0%| F|  |TAMS 0x0000000085c00000, 0x0000000085c00000| Untracked 
|  85|0x0000000085d00000, 0x0000000085d00000, 0x0000000085e00000|  0%| F|  |TAMS 0x0000000085d00000, 0x0000000085d00000| Untracked 
|  86|0x0000000085e00000, 0x0000000085e00000, 0x0000000085f00000|  0%| F|  |TAMS 0x0000000085e00000, 0x0000000085e00000| Untracked 
|  87|0x0000000085f00000, 0x0000000085f00000, 0x0000000086000000|  0%| F|  |TAMS 0x0000000085f00000, 0x0000000085f00000| Untracked 
|  88|0x0000000086000000, 0x0000000086000000, 0x0000000086100000|  0%| F|  |TAMS 0x0000000086000000, 0x0000000086000000| Untracked 
|  89|0x0000000086100000, 0x0000000086100000, 0x0000000086200000|  0%| F|  |TAMS 0x0000000086100000, 0x0000000086100000| Untracked 
|  90|0x0000000086200000, 0x0000000086200000, 0x0000000086300000|  0%| F|  |TAMS 0x0000000086200000, 0x0000000086200000| Untracked 
|  91|0x0000000086300000, 0x0000000086300000, 0x0000000086400000|  0%| F|  |TAMS 0x0000000086300000, 0x0000000086300000| Untracked 
|  92|0x0000000086400000, 0x0000000086400000, 0x0000000086500000|  0%| F|  |TAMS 0x0000000086400000, 0x0000000086400000| Untracked 
|  93|0x0000000086500000, 0x0000000086500000, 0x0000000086600000|  0%| F|  |TAMS 0x0000000086500000, 0x0000000086500000| Untracked 
|  94|0x0000000086600000, 0x0000000086600000, 0x0000000086700000|  0%| F|  |TAMS 0x0000000086600000, 0x0000000086600000| Untracked 
|  95|0x0000000086700000, 0x0000000086700000, 0x0000000086800000|  0%| F|  |TAMS 0x0000000086700000, 0x0000000086700000| Untracked 
|  96|0x0000000086800000, 0x0000000086800000, 0x0000000086900000|  0%| F|  |TAMS 0x0000000086800000, 0x0000000086800000| Untracked 
|  97|0x0000000086900000, 0x0000000086900000, 0x0000000086a00000|  0%| F|  |TAMS 0x0000000086900000, 0x0000000086900000| Untracked 
|  98|0x0000000086a00000, 0x0000000086a00000, 0x0000000086b00000|  0%| F|  |TAMS 0x0000000086a00000, 0x0000000086a00000| Untracked 
|  99|0x0000000086b00000, 0x0000000086b00000, 0x0000000086c00000|  0%| F|  |TAMS 0x0000000086b00000, 0x0000000086b00000| Untracked 
| 100|0x0000000086c00000, 0x0000000086c00000, 0x0000000086d00000|  0%| F|  |TAMS 0x0000000086c00000, 0x0000000086c00000| Untracked 
| 101|0x0000000086d00000, 0x0000000086d00000, 0x0000000086e00000|  0%| F|  |TAMS 0x0000000086d00000, 0x0000000086d00000| Untracked 
| 102|0x0000000086e00000, 0x0000000086e00000, 0x0000000086f00000|  0%| F|  |TAMS 0x0000000086e00000, 0x0000000086e00000| Untracked 
| 103|0x0000000086f00000, 0x0000000086f00000, 0x0000000087000000|  0%| F|  |TAMS 0x0000000086f00000, 0x0000000086f00000| Untracked 
| 104|0x0000000087000000, 0x0000000087000000, 0x0000000087100000|  0%| F|  |TAMS 0x0000000087000000, 0x0000000087000000| Untracked 
| 105|0x0000000087100000, 0x0000000087100000, 0x0000000087200000|  0%| F|  |TAMS 0x0000000087100000, 0x0000000087100000| Untracked 
| 106|0x0000000087200000, 0x0000000087200000, 0x0000000087300000|  0%| F|  |TAMS 0x0000000087200000, 0x0000000087200000| Untracked 
| 107|0x0000000087300000, 0x0000000087300000, 0x0000000087400000|  0%| F|  |TAMS 0x0000000087300000, 0x0000000087300000| Untracked 
| 108|0x0000000087400000, 0x0000000087400000, 0x0000000087500000|  0%| F|  |TAMS 0x0000000087400000, 0x0000000087400000| Untracked 
| 109|0x0000000087500000, 0x0000000087500000, 0x0000000087600000|  0%| F|  |TAMS 0x0000000087500000, 0x0000000087500000| Untracked 
| 110|0x0000000087600000, 0x0000000087600000, 0x0000000087700000|  0%| F|  |TAMS 0x0000000087600000, 0x0000000087600000| Untracked 
| 111|0x0000000087700000, 0x0000000087700000, 0x0000000087800000|  0%| F|  |TAMS 0x0000000087700000, 0x0000000087700000| Untracked 
| 112|0x0000000087800000, 0x0000000087800000, 0x0000000087900000|  0%| F|  |TAMS 0x0000000087800000, 0x0000000087800000| Untracked 
| 113|0x0000000087900000, 0x0000000087900000, 0x0000000087a00000|  0%| F|  |TAMS 0x0000000087900000, 0x0000000087900000| Untracked 
| 114|0x0000000087a00000, 0x0000000087a00000, 0x0000000087b00000|  0%| F|  |TAMS 0x0000000087a00000, 0x0000000087a00000| Untracked 
| 115|0x0000000087b00000, 0x0000000087b00000, 0x0000000087c00000|  0%| F|  |TAMS 0x0000000087b00000, 0x0000000087b00000| Untracked 
| 116|0x0000000087c00000, 0x0000000087c00000, 0x0000000087d00000|  0%| F|  |TAMS 0x0000000087c00000, 0x0000000087c00000| Untracked 
| 117|0x0000000087d00000, 0x0000000087d00000, 0x0000000087e00000|  0%| F|  |TAMS 0x0000000087d00000, 0x0000000087d00000| Untracked 
| 118|0x0000000087e00000, 0x0000000087e00000, 0x0000000087f00000|  0%| F|  |TAMS 0x0000000087e00000, 0x0000000087e00000| Untracked 
| 119|0x0000000087f00000, 0x0000000087f00000, 0x0000000088000000|  0%| F|  |TAMS 0x0000000087f00000, 0x0000000087f00000| Untracked 
| 120|0x0000000088000000, 0x0000000088000000, 0x0000000088100000|  0%| F|  |TAMS 0x0000000088000000, 0x0000000088000000| Untracked 
| 121|0x0000000088100000, 0x0000000088100000, 0x0000000088200000|  0%| F|  |TAMS 0x0000000088100000, 0x0000000088100000| Untracked 
| 122|0x0000000088200000, 0x0000000088200000, 0x0000000088300000|  0%| F|  |TAMS 0x0000000088200000, 0x0000000088200000| Untracked 
| 123|0x0000000088300000, 0x0000000088300000, 0x0000000088400000|  0%| F|  |TAMS 0x0000000088300000, 0x0000000088300000| Untracked 
| 124|0x0000000088400000, 0x0000000088400000, 0x0000000088500000|  0%| F|  |TAMS 0x0000000088400000, 0x0000000088400000| Untracked 
| 125|0x0000000088500000, 0x00000000885cedb0, 0x0000000088600000| 80%| E|  |TAMS 0x0000000088500000, 0x0000000088500000| Complete 
| 126|0x0000000088600000, 0x0000000088700000, 0x0000000088700000|100%| E|CS|TAMS 0x0000000088600000, 0x0000000088600000| Complete 
| 127|0x0000000088700000, 0x0000000088800000, 0x0000000088800000|100%| E|CS|TAMS 0x0000000088700000, 0x0000000088700000| Complete 

Card table byte_map: [0x000001eb73c40000,0x000001eb74040000] _byte_map_base: 0x000001eb7383c000

Marking Bits (Prev, Next): (CMBitMap*) 0x000001eb70c24970, (CMBitMap*) 0x000001eb70c249b0
 Prev Bits: [0x000001eb74440000, 0x000001eb76420000)
 Next Bits: [0x000001eb76420000, 0x000001eb78400000)

Polling page: 0x000001eb6e9a0000

Metaspace:

Usage:
  Non-class:      3.70 MB used.
      Class:    383.48 KB used.
       Both:      4.08 MB used.

Virtual space:
  Non-class space:        8.00 MB reserved,       3.75 MB ( 47%) committed,  1 nodes.
      Class space:        1.00 GB reserved,     384.00 KB ( <1%) committed,  1 nodes.
             Both:        1.01 GB reserved,       4.12 MB ( <1%) committed. 

Chunk freelists:
   Non-Class:  0 bytes
       Class:  3.56 MB
        Both:  3.56 MB

MaxMetaspaceSize: unlimited
CompressedClassSpaceSize: 1.00 GB
Initial GC threshold: 21.00 MB
Current GC threshold: 21.00 MB
CDS: off
MetaspaceReclaimPolicy: balanced
 - commit_granule_bytes: 65536.
 - commit_granule_words: 8192.
 - virtual_space_node_default_size: 1048576.
 - enlarge_chunks_in_place: 1.
 - new_chunks_are_fully_committed: 0.
 - uncommit_free_chunks: 1.
 - use_allocation_guard: 0.
 - handle_deallocations: 1.


Internal statistics:

num_allocs_failed_limit: 0.
num_arena_births: 2.
num_arena_deaths: 0.
num_vsnodes_births: 2.
num_vsnodes_deaths: 0.
num_space_committed: 66.
num_space_uncommitted: 0.
num_chunks_returned_to_freelist: 0.
num_chunks_taken_from_freelist: 4.
num_chunk_merges: 0.
num_chunk_splits: 1.
num_chunks_enlarged: 0.
num_purges: 0.
num_inconsistent_stats: 0.

CodeHeap 'non-profiled nmethods': size=120000Kb used=41Kb max_used=41Kb free=119958Kb
 bounds [0x000001eb07ad0000, 0x000001eb07d40000, 0x000001eb0f000000]
CodeHeap 'profiled nmethods': size=120000Kb used=192Kb max_used=192Kb free=119807Kb
 bounds [0x000001eb00000000, 0x000001eb00270000, 0x000001eb07530000]
CodeHeap 'non-nmethods': size=5760Kb used=1058Kb max_used=1074Kb free=4701Kb
 bounds [0x000001eb07530000, 0x000001eb077a0000, 0x000001eb07ad0000]
 total_blobs=466 nmethods=147 adapters=232
 compilation: enabled
              stopped_count=0, restarted_count=0
 full_count=0

Compilation events (20 events):
Event: 0.193 Thread 0x000001eb7b4662d0  140       3       java.io.WinNTFileSystem::normalize (143 bytes)
Event: 0.194 Thread 0x000001eb7a92e620 nmethod 137 0x000001eb07ad9390 code [0x000001eb07ad9520, 0x000001eb07ad9a68]
Event: 0.194 Thread 0x000001eb7a92e620  139       4       java.lang.AbstractStringBuilder::isLatin1 (19 bytes)
Event: 0.194 Thread 0x000001eb7a92e620 nmethod 139 0x000001eb07ad9d10 code [0x000001eb07ad9e80, 0x000001eb07ad9f18]
Event: 0.194 Thread 0x000001eb7a92e620  138       4       java.util.zip.ZipUtils::CENHOW (9 bytes)
Event: 0.194 Thread 0x000001eb7b4662d0 nmethod 140 0x000001eb0002c190 code [0x000001eb0002c420, 0x000001eb0002cff8]
Event: 0.194 Thread 0x000001eb7b4662d0  141       3       java.lang.AbstractStringBuilder::checkRange (63 bytes)
Event: 0.194 Thread 0x000001eb7a92e620 nmethod 138 0x000001eb07ada010 code [0x000001eb07ada180, 0x000001eb07ada238]
Event: 0.195 Thread 0x000001eb7b4662d0 nmethod 141 0x000001eb0002d490 code [0x000001eb0002d720, 0x000001eb0002dff8]
Event: 0.195 Thread 0x000001eb7b4662d0  142       3       sun.nio.fs.WindowsPathParser::nextNonSlash (24 bytes)
Event: 0.196 Thread 0x000001eb7b4662d0 nmethod 142 0x000001eb0002e390 code [0x000001eb0002e5a0, 0x000001eb0002ecf8]
Event: 0.196 Thread 0x000001eb7b4662d0  143       3       java.lang.StringBuilder::append (10 bytes)
Event: 0.196 Thread 0x000001eb7b4662d0 nmethod 143 0x000001eb0002f010 code [0x000001eb0002f1a0, 0x000001eb0002f2e8]
Event: 0.196 Thread 0x000001eb7b4662d0  144       3       java.lang.AbstractStringBuilder::append (63 bytes)
Event: 0.196 Thread 0x000001eb7b4662d0 nmethod 144 0x000001eb0002f390 code [0x000001eb0002f580, 0x000001eb0002fac8]
Event: 0.196 Thread 0x000001eb7b4662d0  145       3       java.lang.System::getSecurityManager (12 bytes)
Event: 0.196 Thread 0x000001eb7b4662d0 nmethod 145 0x000001eb0002fc10 code [0x000001eb0002fda0, 0x000001eb0002ff18]
Event: 0.196 Thread 0x000001eb7b4662d0  146       3       java.lang.System::allowSecurityManager (13 bytes)
Event: 0.196 Thread 0x000001eb7b4662d0 nmethod 146 0x000001eb00030010 code [0x000001eb000301a0, 0x000001eb000302b8]
Event: 0.197 Thread 0x000001eb7a92e620  147 %     4       java.lang.StringLatin1::indexOfChar @ 7 (33 bytes)

GC Heap History (0 events):
No events

Dll operation events (4 events):
Event: 0.008 Loaded shared library C:\Users\victo\.vscode\extensions\redhat.java-1.15.0-win32-x64\jre\17.0.6-win32-x86_64\bin\java.dll
Event: 0.142 Loaded shared library C:\Users\victo\.vscode\extensions\redhat.java-1.15.0-win32-x64\jre\17.0.6-win32-x86_64\bin\net.dll
Event: 0.144 Loaded shared library C:\Users\victo\.vscode\extensions\redhat.java-1.15.0-win32-x64\jre\17.0.6-win32-x86_64\bin\nio.dll
Event: 0.158 Loaded shared library C:\Users\victo\.vscode\extensions\redhat.java-1.15.0-win32-x64\jre\17.0.6-win32-x86_64\bin\zip.dll

Deoptimization events (14 events):
Event: 0.160 Thread 0x000001eb70bc9690 DEOPT PACKING pc=0x000001eb0001a98c sp=0x0000002136bfd9a0
Event: 0.160 Thread 0x000001eb70bc9690 DEOPT UNPACKING pc=0x000001eb07587143 sp=0x0000002136bfce30 mode 0
Event: 0.160 Thread 0x000001eb70bc9690 DEOPT PACKING pc=0x000001eb0001a98c sp=0x0000002136bfd9a0
Event: 0.160 Thread 0x000001eb70bc9690 DEOPT UNPACKING pc=0x000001eb07587143 sp=0x0000002136bfce30 mode 0
Event: 0.161 Thread 0x000001eb70bc9690 DEOPT PACKING pc=0x000001eb0001a98c sp=0x0000002136bfd9a0
Event: 0.161 Thread 0x000001eb70bc9690 DEOPT UNPACKING pc=0x000001eb07587143 sp=0x0000002136bfce30 mode 0
Event: 0.161 Thread 0x000001eb70bc9690 DEOPT PACKING pc=0x000001eb0001a98c sp=0x0000002136bfd9a0
Event: 0.161 Thread 0x000001eb70bc9690 DEOPT UNPACKING pc=0x000001eb07587143 sp=0x0000002136bfce30 mode 0
Event: 0.161 Thread 0x000001eb70bc9690 DEOPT PACKING pc=0x000001eb0001a98c sp=0x0000002136bfd9a0
Event: 0.161 Thread 0x000001eb70bc9690 DEOPT UNPACKING pc=0x000001eb07587143 sp=0x0000002136bfce30 mode 0
Event: 0.161 Thread 0x000001eb70bc9690 DEOPT PACKING pc=0x000001eb0001a98c sp=0x0000002136bfd9a0
Event: 0.161 Thread 0x000001eb70bc9690 DEOPT UNPACKING pc=0x000001eb07587143 sp=0x0000002136bfce30 mode 0
Event: 0.161 Thread 0x000001eb70bc9690 DEOPT PACKING pc=0x000001eb0001a98c sp=0x0000002136bfd9a0
Event: 0.161 Thread 0x000001eb70bc9690 DEOPT UNPACKING pc=0x000001eb07587143 sp=0x0000002136bfce30 mode 0

Classes unloaded (0 events):
No events

Classes redefined (0 events):
No events

Internal exceptions (0 events):
No events

VM Operations (2 events):
Event: 0.177 Executing VM operation: HandshakeAllThreads
Event: 0.177 Executing VM operation: HandshakeAllThreads done

Events (20 events):
Event: 0.177 loading class java/util/jar/Manifest$FastInputStream
Event: 0.177 loading class java/util/jar/Manifest$FastInputStream done
Event: 0.177 loading class java/io/ByteArrayOutputStream
Event: 0.178 loading class java/io/ByteArrayOutputStream done
Event: 0.178 loading class java/util/jar/Attributes$Name
Event: 0.178 loading class java/util/jar/Attributes$Name done
Event: 0.185 loading class java/util/jar/JarVerifier
Event: 0.185 loading class java/util/jar/JarVerifier done
Event: 0.185 loading class sun/security/util/Debug
Event: 0.186 loading class sun/security/util/Debug done
Event: 0.186 loading class java/security/CodeSigner
Event: 0.186 loading class java/security/CodeSigner done
Event: 0.186 loading class java/util/StringTokenizer
Event: 0.186 loading class java/util/StringTokenizer done
Event: 0.187 loading class java/io/FileNotFoundException
Event: 0.187 loading class java/io/IOException
Event: 0.187 loading class java/io/IOException done
Event: 0.187 loading class java/io/FileNotFoundException done
Event: 0.187 loading class java/security/PrivilegedActionException
Event: 0.187 loading class java/security/PrivilegedActionException done


Dynamic libraries:
0x00007ff7e7d00000 - 0x00007ff7e7d0e000 	C:\Users\victo\.vscode\extensions\redhat.java-1.15.0-win32-x64\jre\17.0.6-win32-x86_64\bin\java.exe
0x00007ffa836f0000 - 0x00007ffa83907000 	C:\WINDOWS\SYSTEM32\ntdll.dll
0x00007ffa81dc0000 - 0x00007ffa81e84000 	C:\WINDOWS\System32\KERNEL32.DLL
0x00007ffa80c70000 - 0x00007ffa81016000 	C:\WINDOWS\System32\KERNELBASE.dll
0x00007ffa7cd60000 - 0x00007ffa7cdf7000 	C:\WINDOWS\SYSTEM32\apphelp.dll
0x00007ffa81330000 - 0x00007ffa81441000 	C:\WINDOWS\System32\ucrtbase.dll
0x00007ffa79af0000 - 0x00007ffa79b07000 	C:\Users\victo\.vscode\extensions\redhat.java-1.15.0-win32-x64\jre\17.0.6-win32-x86_64\bin\jli.dll
0x00007ffa83220000 - 0x00007ffa833cd000 	C:\WINDOWS\System32\USER32.dll
0x00007ffa80c40000 - 0x00007ffa80c66000 	C:\WINDOWS\System32\win32u.dll
0x00007ffa82700000 - 0x00007ffa82729000 	C:\WINDOWS\System32\GDI32.dll
0x00007ffa81210000 - 0x00007ffa81328000 	C:\WINDOWS\System32\gdi32full.dll
0x00007ffa80ba0000 - 0x00007ffa80c3a000 	C:\WINDOWS\System32\msvcp_win.dll
0x00007ffa79400000 - 0x00007ffa79419000 	C:\Users\victo\.vscode\extensions\redhat.java-1.15.0-win32-x64\jre\17.0.6-win32-x86_64\bin\VCRUNTIME140.dll
0x00007ffa69900000 - 0x00007ffa69b93000 	C:\WINDOWS\WinSxS\amd64_microsoft.windows.common-controls_6595b64144ccf1df_6.0.22621.2361_none_2712ced57382f843\COMCTL32.dll
0x00007ffa83600000 - 0x00007ffa836a7000 	C:\WINDOWS\System32\msvcrt.dll
0x00007ffa815f0000 - 0x00007ffa81621000 	C:\WINDOWS\System32\IMM32.DLL
0x00007ffa79ae0000 - 0x00007ffa79aec000 	C:\Users\victo\.vscode\extensions\redhat.java-1.15.0-win32-x64\jre\17.0.6-win32-x86_64\bin\vcruntime140_1.dll
0x00007ffa25950000 - 0x00007ffa259e1000 	C:\Users\victo\.vscode\extensions\redhat.java-1.15.0-win32-x64\jre\17.0.6-win32-x86_64\bin\msvcp140.dll
0x00007ff9e9eb0000 - 0x00007ff9eaaf7000 	C:\Users\victo\.vscode\extensions\redhat.java-1.15.0-win32-x64\jre\17.0.6-win32-x86_64\bin\server\jvm.dll
0x00007ffa83480000 - 0x00007ffa83530000 	C:\WINDOWS\System32\ADVAPI32.dll
0x00007ffa833d0000 - 0x00007ffa83476000 	C:\WINDOWS\System32\sechost.dll
0x00007ffa825e0000 - 0x00007ffa826f7000 	C:\WINDOWS\System32\RPCRT4.dll
0x00007ffa75ca0000 - 0x00007ffa75ca9000 	C:\WINDOWS\SYSTEM32\WSOCK32.dll
0x00007ffa81460000 - 0x00007ffa814d1000 	C:\WINDOWS\System32\WS2_32.dll
0x00007ffa73190000 - 0x00007ffa731c4000 	C:\WINDOWS\SYSTEM32\WINMM.dll
0x00007ffa76d40000 - 0x00007ffa76d4a000 	C:\WINDOWS\SYSTEM32\VERSION.dll
0x00007ffa7fa10000 - 0x00007ffa7fa28000 	C:\WINDOWS\SYSTEM32\kernel.appcore.dll
0x00007ffa79500000 - 0x00007ffa7950a000 	C:\Users\victo\.vscode\extensions\redhat.java-1.15.0-win32-x64\jre\17.0.6-win32-x86_64\bin\jimage.dll
0x00007ffa79c80000 - 0x00007ffa79eae000 	C:\WINDOWS\SYSTEM32\DBGHELP.DLL
0x00007ffa81e90000 - 0x00007ffa8221a000 	C:\WINDOWS\System32\combase.dll
0x00007ffa83140000 - 0x00007ffa83217000 	C:\WINDOWS\System32\OLEAUT32.dll
0x00007ffa77da0000 - 0x00007ffa77dd2000 	C:\WINDOWS\SYSTEM32\dbgcore.DLL
0x00007ffa81020000 - 0x00007ffa8109a000 	C:\WINDOWS\System32\bcryptPrimitives.dll
0x00007ffa6c6a0000 - 0x00007ffa6c6c5000 	C:\Users\victo\.vscode\extensions\redhat.java-1.15.0-win32-x64\jre\17.0.6-win32-x86_64\bin\java.dll
0x00007ffa75480000 - 0x00007ffa75498000 	C:\Users\victo\.vscode\extensions\redhat.java-1.15.0-win32-x64\jre\17.0.6-win32-x86_64\bin\zip.dll
0x00007ffa82830000 - 0x00007ffa83088000 	C:\WINDOWS\System32\SHELL32.dll
0x00007ffa7e980000 - 0x00007ffa7f272000 	C:\WINDOWS\SYSTEM32\windows.storage.dll
0x00007ffa7e840000 - 0x00007ffa7e97e000 	C:\WINDOWS\SYSTEM32\wintypes.dll
0x00007ffa82730000 - 0x00007ffa82823000 	C:\WINDOWS\System32\SHCORE.dll
0x00007ffa83530000 - 0x00007ffa8358e000 	C:\WINDOWS\System32\shlwapi.dll
0x00007ffa809a0000 - 0x00007ffa809c6000 	C:\WINDOWS\SYSTEM32\profapi.dll
0x00007ffa75420000 - 0x00007ffa75439000 	C:\Users\victo\.vscode\extensions\redhat.java-1.15.0-win32-x64\jre\17.0.6-win32-x86_64\bin\net.dll
0x00007ffa7ae20000 - 0x00007ffa7af57000 	C:\WINDOWS\SYSTEM32\WINHTTP.dll
0x00007ffa7ff60000 - 0x00007ffa7ffc9000 	C:\WINDOWS\system32\mswsock.dll
0x00007ffa6b670000 - 0x00007ffa6b685000 	C:\Users\victo\.vscode\extensions\redhat.java-1.15.0-win32-x64\jre\17.0.6-win32-x86_64\bin\nio.dll

dbghelp: loaded successfully - version: 4.0.5 - missing functions: none
symbol engine: initialized successfully - sym options: 0x614 - pdb path: .;C:\Users\victo\.vscode\extensions\redhat.java-1.15.0-win32-x64\jre\17.0.6-win32-x86_64\bin;C:\WINDOWS\SYSTEM32;C:\WINDOWS\WinSxS\amd64_microsoft.windows.common-controls_6595b64144ccf1df_6.0.22621.2361_none_2712ced57382f843;C:\Users\victo\.vscode\extensions\redhat.java-1.15.0-win32-x64\jre\17.0.6-win32-x86_64\bin\server

VM Arguments:
jvm_args: -ea -XX:+ShowCodeDetailsInExceptionMessages -Dfile.encoding=UTF-8 
java_command: org.eclipse.jdt.internal.junit.runner.RemoteTestRunner -version 3 -port 64792 -testLoaderClass org.eclipse.jdt.internal.junit5.runner.JUnit5TestLoader -loaderpluginname org.eclipse.jdt.junit5.runtime -test org.es2locadora.unit.ClienteTest:naoDeveCriarClienteSemAtributoObrigatorio
java_class_path (initial): c:\Users\victo\v1ctor\faculdade\Engenharia de Software II\atv2\target\test-classes;c:\Users\victo\v1ctor\faculdade\Engenharia de Software II\atv2\target\classes;c:\Users\victo\.m2\repository\org\projectlombok\lombok\1.18.30\lombok-1.18.30.jar;c:\Users\victo\.m2\repository\mysql\mysql-connector-java\8.0.28\mysql-connector-java-8.0.28.jar;c:\Users\victo\.m2\repository\com\google\protobuf\protobuf-java\3.11.4\protobuf-java-3.11.4.jar;c:\Users\victo\.m2\repository\org\hibernate\javax\persistence\hibernate-jpa-2.1-api\1.0.2.Final\hibernate-jpa-2.1-api-1.0.2.Final.jar;c:\Users\victo\.m2\repository\org\hibernate\hibernate-core\5.4.24.Final\hibernate-core-5.4.24.Final.jar;c:\Users\victo\.m2\repository\org\jboss\logging\jboss-logging\3.4.1.Final\jboss-logging-3.4.1.Final.jar;c:\Users\victo\.m2\repository\javax\persistence\javax.persistence-api\2.2\javax.persistence-api-2.2.jar;c:\Users\victo\.m2\repository\org\javassist\javassist\3.27.0-GA\javassist-3.27.0-GA.jar;c:\Users\victo\.m2\repository\net\bytebuddy\byte-buddy\1.10.17\byte-buddy-1.10.17.jar;c:\Users\victo\.m2\repository\antlr\antlr\2.7.7\antlr-2.7.7.jar;c:\Users\victo\.m2\repository\org\jboss\spec\javax\transaction\jboss-transaction-api_1.2_spec\1.1.1.Final\jboss-transaction-api_1.2_spec-1.1.1.Final.jar;c:\Users\victo\.m2\repository\org\jboss\jandex\2.1.3.Final\jandex-2.1.3.Final.jar;c:\Users\victo\.m2\repository\com\fasterxml\classmate\1.5.1\classmate-1.5.1.jar;c:\Users\victo\.m2\repository\javax\activation\javax.activation-api\1.2.0\javax.activation-api-1.2.0.jar;c:\Users\victo\.m2\repository\org\dom4j\dom4j\2.1.3\dom4j-2.1.3.jar;c:\Users\victo\.m2\repository\org\hibernate\common\hibernate-commons-annotations\5.1.2.Final\hibernate-commons-annotations-5.1.2.Final.jar;c:\Users\victo\.m2\repository\javax\xml\bind\jaxb-api\2.3.1\jaxb-api-2.3.1.jar;c:\Users\victo\.m2\repository\org\glassfish\jaxb\jaxb-runtime\2.3.1\jaxb-runtime-2.3.1.jar;c:\Users\victo\.m2\repository\org\glassfish\jaxb\txw2\2
Launcher Type: SUN_STANDARD

[Global flags]
     intx CICompilerCount                          = 3                                         {product} {ergonomic}
     uint ConcGCThreads                            = 1                                         {product} {ergonomic}
     uint G1ConcRefinementThreads                  = 4                                         {product} {ergonomic}
   size_t G1HeapRegionSize                         = 1048576                                   {product} {ergonomic}
    uintx GCDrainStackTargetSize                   = 64                                        {product} {ergonomic}
   size_t InitialHeapSize                          = 134217728                                 {product} {ergonomic}
   size_t MarkStackSize                            = 4194304                                   {product} {ergonomic}
   size_t MaxHeapSize                              = 2139095040                                {product} {ergonomic}
   size_t MaxNewSize                               = 1283457024                                {product} {ergonomic}
   size_t MinHeapDeltaBytes                        = 1048576                                   {product} {ergonomic}
   size_t MinHeapSize                              = 8388608                                   {product} {ergonomic}
    uintx NonNMethodCodeHeapSize                   = 5832780                                {pd product} {ergonomic}
    uintx NonProfiledCodeHeapSize                  = 122912730                              {pd product} {ergonomic}
    uintx ProfiledCodeHeapSize                     = 122912730                              {pd product} {ergonomic}
    uintx ReservedCodeCacheSize                    = 251658240                              {pd product} {ergonomic}
     bool SegmentedCodeCache                       = true                                      {product} {ergonomic}
     bool ShowCodeDetailsInExceptionMessages       = true                                   {manageable} {command line}
   size_t SoftMaxHeapSize                          = 2139095040                             {manageable} {ergonomic}
     bool UseCompressedClassPointers               = true                           {product lp64_product} {ergonomic}
     bool UseCompressedOops                        = true                           {product lp64_product} {ergonomic}
     bool UseG1GC                                  = true                                      {product} {ergonomic}
     bool UseLargePagesIndividualAllocation        = false                                  {pd product} {ergonomic}

Logging:
Log output configuration:
 #0: stdout all=warning uptime,level,tags
 #1: stderr all=off uptime,level,tags

Environment Variables:
JAVA_HOME=C:\Program Files\Amazon Corretto\jdk17.0.7_7
PATH=C:\Program Files\Amazon Corretto\jdk17.0.7_7\bin;C:\Program Files\Common Files\Oracle\Java\javapath;C:\Program Files (x86)\Common Files\Oracle\Java\javapath;C:\Program Files (x86)\NVIDIA Corporation\PhysX\Common;C:\Python310\Scripts\;C:\Python310\;C:\WINDOWS\system32;C:\WINDOWS;C:\WINDOWS\System32\Wbem;C:\WINDOWS\System32\WindowsPowerShell\v1.0\;C:\WINDOWS\System32\OpenSSH\;C:\Program Files\dotnet\;C:\Program Files (x86)\GtkSharp\2.12\bin;C:\ProgramData\chocolatey\bin;C:\Program Files\Git\cmd;C:\tools\php81;C:\Program Files\nodejs\;C:\Program Files (x86)\dotnet\;C:\ProgramData\ComposerSetup\bin;C:\Program Files\Docker\Docker\resources\bin;C:\Program Files\Microsoft SQL Server\150\Tools\Binn\;C:\Program Files\Microsoft SQL Server\Client SDK\ODBC\170\Tools\Binn\;C:\Program Files\Conan\conan;C:\Program Files\MySQL\MySQL Shell 8.0\bin\;C:\Users\victo\AppData\Local\Microsoft\WindowsApps;C:\Program Files\JetBrains\IntelliJ IDEA 2022.1.3\bin;C:\Users\victo\.dotnet\tools;C:\Program Files\Microsoft VS Code\bin;C:\tools\mysql\current\bin;C:\Users\victo\AppData\Roaming\npm;C:\Users\victo\AppData\Roaming\Composer\vendor\bin;C:\tools\flutter\bin;C:\Users\victo\AppData\Local\GitHubDesktop\bin;C:\Program Files\w64devkit\bin
USERNAME=victo
OS=Windows_NT
PROCESSOR_IDENTIFIER=Intel64 Family 6 Model 158 Stepping 10, GenuineIntel
TMP=C:\Users\victo\AppData\Local\Temp
TEMP=C:\Users\victo\AppData\Local\Temp



---------------  S Y S T E M  ---------------

OS:
 Windows 11 , 64 bit Build 22621 (10.0.22621.2428)
OS uptime: 1 days 21:48 hours
Hyper-V role detected

CPU: total 4 (initial active 4) (4 cores per cpu, 1 threads per core) family 6 model 158 stepping 10 microcode 0xde, cx8, cmov, fxsr, mmx, 3dnowpref, sse, sse2, sse3, ssse3, sse4.1, sse4.2, popcnt, lzcnt, tsc, tscinvbit, avx, avx2, aes, erms, clmul, bmi1, bmi2, adx, fma, vzeroupper, clflush, clflushopt, hv

Memory: 4k page, system-wide physical 8154M (1124M free)
TotalPageFile size 16308M (AvailPageFile size 3M)
current process WorkingSet (physical memory assigned to process): 34M, peak: 34M
current process commit charge ("private bytes"): 196M, peak: 196M

vm_info: OpenJDK 64-Bit Server VM (17.0.6+10) for windows-amd64 JRE (17.0.6+10), built on Jan 18 2023 10:08:59 by "temurin" with MS VC++ 16.7 (VS2019)

END.
