#
# There is insufficient memory for the Java Runtime Environment to continue.
# Native memory allocation (mmap) failed to map 65536 bytes for Failed to commit metaspace.
# Possible reasons:
#   The system is out of physical RAM or swap space
#   The process is running with CompressedOops enabled, and the Java Heap may be blocking the growth of the native heap
# Possible solutions:
#   Reduce memory load on the system
#   Increase physical memory or swap space
#   Check if swap backing store is full
#   Decrease Java heap size (-Xmx/-Xms)
#   Decrease number of Java threads
#   Decrease Java thread stack sizes (-Xss)
#   Set larger code cache with -XX:ReservedCodeCacheSize=
#   JVM is running with Unscaled Compressed Oops mode in which the Java heap is
#     placed in the first 4GB address space. The Java Heap base address is the
#     maximum limit for the native heap growth. Please use -XX:HeapBaseMinAddress
#     to set the Java Heap base and to place the Java Heap above 4GB virtual address.
# This output file may be truncated or incomplete.
#
#  Out of Memory Error (virtualSpaceNode.cpp:110), pid=16332, tid=18956
#
# JRE version: OpenJDK Runtime Environment Temurin-17.0.6+10 (17.0.6+10) (build 17.0.6+10)
# Java VM: OpenJDK 64-Bit Server VM Temurin-17.0.6+10 (17.0.6+10, mixed mode, tiered, compressed oops, compressed class ptrs, g1 gc, windows-amd64)
# No core dump will be written. Minidumps are not enabled by default on client versions of Windows
#

---------------  S U M M A R Y ------------

Command Line: -ea -XX:+ShowCodeDetailsInExceptionMessages -Dfile.encoding=UTF-8 org.eclipse.jdt.internal.junit.runner.RemoteTestRunner -version 3 -port 64789 -testLoaderClass org.eclipse.jdt.internal.junit5.runner.JUnit5TestLoader -loaderpluginname org.eclipse.jdt.junit5.runtime -test org.es2locadora.unit.ClienteTest:naoDeveCriarClienteSemAtributoObrigatorio

Host: Intel(R) Core(TM) i3-9100F CPU @ 3.60GHz, 4 cores, 7G,  Windows 11 , 64 bit Build 22621 (10.0.22621.2428)
Time: Sun Oct 15 21:48:46 2023 Hora oficial do Brasil elapsed time: 0.250750 seconds (0d 0h 0m 0s)

---------------  T H R E A D  ---------------

Current thread (0x00000170c5cca000):  JavaThread "main" [_thread_in_vm, id=18956, stack(0x00000010e0100000,0x00000010e0200000)]

Stack: [0x00000010e0100000,0x00000010e0200000]
Native frames: (J=compiled Java code, j=interpreted, Vv=VM code, C=native code)
V  [jvm.dll+0x67741a]
V  [jvm.dll+0x834434]
V  [jvm.dll+0x835bde]
V  [jvm.dll+0x836243]
V  [jvm.dll+0x2457b5]
V  [jvm.dll+0x8304cb]
V  [jvm.dll+0x61bca6]
V  [jvm.dll+0x61bd0a]
V  [jvm.dll+0x61e52a]
V  [jvm.dll+0x61c646]
V  [jvm.dll+0x239e4f]
V  [jvm.dll+0x626445]
V  [jvm.dll+0x1ea42b]
V  [jvm.dll+0x1ea965]
V  [jvm.dll+0x1eb39f]
V  [jvm.dll+0x1e0841]
V  [jvm.dll+0x53c6d0]
V  [jvm.dll+0x1f1017]
V  [jvm.dll+0x7aea1b]
V  [jvm.dll+0x7afdc2]
V  [jvm.dll+0x7b00f8]
V  [jvm.dll+0x23dbbe]
V  [jvm.dll+0x23de0f]
V  [jvm.dll+0x559c43]
V  [jvm.dll+0x55c0c4]
V  [jvm.dll+0x38288b]
V  [jvm.dll+0x382342]
C  0x00000170cfe8897f

Java frames: (J=compiled Java code, j=interpreted, Vv=VM code)
j  java.lang.invoke.DirectMethodHandle.<clinit>()V+22 java.base@17.0.6
v  ~StubRoutines::call_stub
j  java.lang.invoke.MethodHandles$Lookup.getDirectMethodCommon(BLjava/lang/Class;Ljava/lang/invoke/MemberName;ZZLjava/lang/invoke/MethodHandles$Lookup;)Ljava/lang/invoke/MethodHandle;+210 java.base@17.0.6
j  java.lang.invoke.MethodHandles$Lookup.getDirectMethodNoSecurityManager(BLjava/lang/Class;Ljava/lang/invoke/MemberName;Ljava/lang/invoke/MethodHandles$Lookup;)Ljava/lang/invoke/MethodHandle;+14 java.base@17.0.6
j  java.lang.invoke.MethodHandles$Lookup.getDirectMethodForConstant(BLjava/lang/Class;Ljava/lang/invoke/MemberName;)Ljava/lang/invoke/MethodHandle;+31 java.base@17.0.6
j  java.lang.invoke.MethodHandles$Lookup.linkMethodHandleConstant(BLjava/lang/Class;Ljava/lang/String;Ljava/lang/Object;)Ljava/lang/invoke/MethodHandle;+152 java.base@17.0.6
j  java.lang.invoke.MethodHandleNatives.linkMethodHandleConstant(Ljava/lang/Class;ILjava/lang/Class;Ljava/lang/String;Ljava/lang/Object;)Ljava/lang/invoke/MethodHandle;+38 java.base@17.0.6
v  ~StubRoutines::call_stub
j  java.util.logging.Level$KnownLevel.add(Ljava/util/logging/Level;)V+19 java.logging@17.0.6
j  java.util.logging.Level.<init>(Ljava/lang/String;ILjava/lang/String;Z)V+55 java.logging@17.0.6
j  java.util.logging.Level.<init>(Ljava/lang/String;ILjava/lang/String;)V+5 java.logging@17.0.6
j  java.util.logging.Level.<clinit>()V+10 java.logging@17.0.6
v  ~StubRoutines::call_stub
j  java.util.logging.Logger.<clinit>()V+7 java.logging@17.0.6
v  ~StubRoutines::call_stub
j  org.junit.platform.commons.logging.LoggerFactory$DelegatingLogger.<init>(Ljava/lang/String;)V+14
j  org.junit.platform.commons.logging.LoggerFactory.getLogger(Ljava/lang/Class;)Lorg/junit/platform/commons/logging/Logger;+22
j  org.junit.platform.launcher.core.ServiceLoaderRegistry.<clinit>()V+2
v  ~StubRoutines::call_stub
j  org.junit.platform.launcher.core.LauncherFactory.<clinit>()V+0
v  ~StubRoutines::call_stub
j  org.eclipse.jdt.internal.junit5.runner.JUnit5TestLoader.<init>()V+5
v  ~StubRoutines::call_stub
j  jdk.internal.reflect.NativeConstructorAccessorImpl.newInstance0(Ljava/lang/reflect/Constructor;[Ljava/lang/Object;)Ljava/lang/Object;+0 java.base@17.0.6
j  jdk.internal.reflect.NativeConstructorAccessorImpl.newInstance([Ljava/lang/Object;)Ljava/lang/Object;+118 java.base@17.0.6
j  jdk.internal.reflect.DelegatingConstructorAccessorImpl.newInstance([Ljava/lang/Object;)Ljava/lang/Object;+5 java.base@17.0.6
j  java.lang.reflect.Constructor.newInstanceWithCaller([Ljava/lang/Object;ZLjava/lang/Class;)Ljava/lang/Object;+66 java.base@17.0.6
j  java.lang.reflect.ReflectAccess.newInstance(Ljava/lang/reflect/Constructor;[Ljava/lang/Object;Ljava/lang/Class;)Ljava/lang/Object;+4 java.base@17.0.6
j  jdk.internal.reflect.ReflectionFactory.newInstance(Ljava/lang/reflect/Constructor;[Ljava/lang/Object;Ljava/lang/Class;)Ljava/lang/Object;+7 java.base@17.0.6
j  java.lang.Class.newInstance()Ljava/lang/Object;+118 java.base@17.0.6
j  org.eclipse.jdt.internal.junit.runner.RemoteTestRunner.createRawTestLoader(Ljava/lang/String;)Lorg/eclipse/jdt/internal/junit/runner/ITestLoader;+5
j  org.eclipse.jdt.internal.junit.runner.RemoteTestRunner.createLoader(Ljava/lang/String;)V+3
j  org.eclipse.jdt.internal.junit.runner.RemoteTestRunner.defaultInit([Ljava/lang/String;)V+511
j  org.eclipse.jdt.internal.junit.runner.RemoteTestRunner.init([Ljava/lang/String;)V+2
j  org.eclipse.jdt.internal.junit.runner.RemoteTestRunner.main([Ljava/lang/String;)V+10
v  ~StubRoutines::call_stub

---------------  P R O C E S S  ---------------

Threads class SMR info:
_java_thread_list=0x00000170df648c50, length=13, elements={
0x00000170c5cca000, 0x00000170dea0c380, 0x00000170dea0d100, 0x00000170df41e1f0,
0x00000170df41ebb0, 0x00000170df421480, 0x00000170df4080b0, 0x00000170df408ca0,
0x00000170df409ee0, 0x00000170df47c6c0, 0x00000170df573070, 0x00000170df573940,
0x00000170df5a5bd0
}

Java Threads: ( => current thread )
=>0x00000170c5cca000 JavaThread "main" [_thread_in_vm, id=18956, stack(0x00000010e0100000,0x00000010e0200000)]
  0x00000170dea0c380 JavaThread "Reference Handler" daemon [_thread_blocked, id=10304, stack(0x00000010e0800000,0x00000010e0900000)]
  0x00000170dea0d100 JavaThread "Finalizer" daemon [_thread_blocked, id=4308, stack(0x00000010e0900000,0x00000010e0a00000)]
  0x00000170df41e1f0 JavaThread "Signal Dispatcher" daemon [_thread_blocked, id=16372, stack(0x00000010e0a00000,0x00000010e0b00000)]
  0x00000170df41ebb0 JavaThread "Attach Listener" daemon [_thread_blocked, id=18736, stack(0x00000010e0b00000,0x00000010e0c00000)]
  0x00000170df421480 JavaThread "Service Thread" daemon [_thread_blocked, id=9468, stack(0x00000010e0c00000,0x00000010e0d00000)]
  0x00000170df4080b0 JavaThread "Monitor Deflation Thread" daemon [_thread_blocked, id=15104, stack(0x00000010e0d00000,0x00000010e0e00000)]
  0x00000170df408ca0 JavaThread "C2 CompilerThread0" daemon [_thread_blocked, id=7124, stack(0x00000010e0e00000,0x00000010e0f00000)]
  0x00000170df409ee0 JavaThread "C1 CompilerThread0" daemon [_thread_blocked, id=19268, stack(0x00000010e0f00000,0x00000010e1000000)]
  0x00000170df47c6c0 JavaThread "Sweeper thread" daemon [_thread_blocked, id=18760, stack(0x00000010e1000000,0x00000010e1100000)]
  0x00000170df573070 JavaThread "Notification Thread" daemon [_thread_blocked, id=18364, stack(0x00000010e1100000,0x00000010e1200000)]
  0x00000170df573940 JavaThread "Common-Cleaner" daemon [_thread_blocked, id=17924, stack(0x00000010e1300000,0x00000010e1400000)]
  0x00000170df5a5bd0 JavaThread "C2 CompilerThread1" daemon [_thread_blocked, id=16392, stack(0x00000010e1400000,0x00000010e1500000)]

Other Threads:
  0x00000170de9f7430 VMThread "VM Thread" [stack: 0x00000010e0700000,0x00000010e0800000] [id=12512]
  0x00000170df5795c0 WatcherThread [stack: 0x00000010e1200000,0x00000010e1300000] [id=16152]
  0x00000170c5d25030 GCTaskThread "GC Thread#0" [stack: 0x00000010e0200000,0x00000010e0300000] [id=11168]
  0x00000170c5d36e80 ConcurrentGCThread "G1 Main Marker" [stack: 0x00000010e0300000,0x00000010e0400000] [id=2132]
  0x00000170c5d37890 ConcurrentGCThread "G1 Conc#0" [stack: 0x00000010e0400000,0x00000010e0500000] [id=17976]
  0x00000170de8620c0 ConcurrentGCThread "G1 Refine#0" [stack: 0x00000010e0500000,0x00000010e0600000] [id=18836]
  0x00000170de862ae0 ConcurrentGCThread "G1 Service" [stack: 0x00000010e0600000,0x00000010e0700000] [id=14384]

Threads with active compile tasks:

VM state: not at safepoint (normal execution)

VM Mutex/Monitor currently owned by a thread:  ([mutex/lock_event])
[0x00000170c5cc2ac0] Metaspace_lock - owner thread: 0x00000170c5cca000

Heap address: 0x0000000080800000, size: 2040 MB, Compressed Oops mode: 32-bit

CDS archive(s) not mapped
Compressed class space mapped at: 0x0000000100000000-0x0000000140000000, reserved size: 1073741824
Narrow klass base: 0x0000000000000000, Narrow klass shift: 3, Narrow klass range: 0x140000000

GC Precious Log:
 CPUs: 4 total, 4 available
 Memory: 8154M
 Large Page Support: Disabled
 NUMA Support: Disabled
 Compressed Oops: Enabled (32-bit)
 Heap Region Size: 1M
 Heap Min Capacity: 8M
 Heap Initial Capacity: 128M
 Heap Max Capacity: 2040M
 Pre-touch: Disabled
 Parallel Workers: 4
 Concurrent Workers: 1
 Concurrent Refinement Workers: 4
 Periodic GC: Disabled

Heap:
 garbage-first heap   total 131072K, used 4096K [0x0000000080800000, 0x0000000100000000)
  region size 1024K, 4 young (4096K), 0 survivors (0K)
 Metaspace       used 4538K, committed 4672K, reserved 1056768K
  class space    used 428K, committed 512K, reserved 1048576K

Heap Regions: E=young(eden), S=young(survivor), O=old, HS=humongous(starts), HC=humongous(continues), CS=collection set, F=free, OA=open archive, CA=closed archive, TAMS=top-at-mark-start (previous, next)
|   0|0x0000000080800000, 0x0000000080900000, 0x0000000080900000|100%|HS|  |TAMS 0x0000000080800000, 0x0000000080800000| Complete 
|   1|0x0000000080900000, 0x0000000080900000, 0x0000000080a00000|  0%| F|  |TAMS 0x0000000080900000, 0x0000000080900000| Untracked 
|   2|0x0000000080a00000, 0x0000000080a00000, 0x0000000080b00000|  0%| F|  |TAMS 0x0000000080a00000, 0x0000000080a00000| Untracked 
|   3|0x0000000080b00000, 0x0000000080b00000, 0x0000000080c00000|  0%| F|  |TAMS 0x0000000080b00000, 0x0000000080b00000| Untracked 
|   4|0x0000000080c00000, 0x0000000080c00000, 0x0000000080d00000|  0%| F|  |TAMS 0x0000000080c00000, 0x0000000080c00000| Untracked 
|   5|0x0000000080d00000, 0x0000000080d00000, 0x0000000080e00000|  0%| F|  |TAMS 0x0000000080d00000, 0x0000000080d00000| Untracked 
|   6|0x0000000080e00000, 0x0000000080e00000, 0x0000000080f00000|  0%| F|  |TAMS 0x0000000080e00000, 0x0000000080e00000| Untracked 
|   7|0x0000000080f00000, 0x0000000080f00000, 0x0000000081000000|  0%| F|  |TAMS 0x0000000080f00000, 0x0000000080f00000| Untracked 
|   8|0x0000000081000000, 0x0000000081000000, 0x0000000081100000|  0%| F|  |TAMS 0x0000000081000000, 0x0000000081000000| Untracked 
|   9|0x0000000081100000, 0x0000000081100000, 0x0000000081200000|  0%| F|  |TAMS 0x0000000081100000, 0x0000000081100000| Untracked 
|  10|0x0000000081200000, 0x0000000081200000, 0x0000000081300000|  0%| F|  |TAMS 0x0000000081200000, 0x0000000081200000| Untracked 
|  11|0x0000000081300000, 0x0000000081300000, 0x0000000081400000|  0%| F|  |TAMS 0x0000000081300000, 0x0000000081300000| Untracked 
|  12|0x0000000081400000, 0x0000000081400000, 0x0000000081500000|  0%| F|  |TAMS 0x0000000081400000, 0x0000000081400000| Untracked 
|  13|0x0000000081500000, 0x0000000081500000, 0x0000000081600000|  0%| F|  |TAMS 0x0000000081500000, 0x0000000081500000| Untracked 
|  14|0x0000000081600000, 0x0000000081600000, 0x0000000081700000|  0%| F|  |TAMS 0x0000000081600000, 0x0000000081600000| Untracked 
|  15|0x0000000081700000, 0x0000000081700000, 0x0000000081800000|  0%| F|  |TAMS 0x0000000081700000, 0x0000000081700000| Untracked 
|  16|0x0000000081800000, 0x0000000081800000, 0x0000000081900000|  0%| F|  |TAMS 0x0000000081800000, 0x0000000081800000| Untracked 
|  17|0x0000000081900000, 0x0000000081900000, 0x0000000081a00000|  0%| F|  |TAMS 0x0000000081900000, 0x0000000081900000| Untracked 
|  18|0x0000000081a00000, 0x0000000081a00000, 0x0000000081b00000|  0%| F|  |TAMS 0x0000000081a00000, 0x0000000081a00000| Untracked 
|  19|0x0000000081b00000, 0x0000000081b00000, 0x0000000081c00000|  0%| F|  |TAMS 0x0000000081b00000, 0x0000000081b00000| Untracked 
|  20|0x0000000081c00000, 0x0000000081c00000, 0x0000000081d00000|  0%| F|  |TAMS 0x0000000081c00000, 0x0000000081c00000| Untracked 
|  21|0x0000000081d00000, 0x0000000081d00000, 0x0000000081e00000|  0%| F|  |TAMS 0x0000000081d00000, 0x0000000081d00000| Untracked 
|  22|0x0000000081e00000, 0x0000000081e00000, 0x0000000081f00000|  0%| F|  |TAMS 0x0000000081e00000, 0x0000000081e00000| Untracked 
|  23|0x0000000081f00000, 0x0000000081f00000, 0x0000000082000000|  0%| F|  |TAMS 0x0000000081f00000, 0x0000000081f00000| Untracked 
|  24|0x0000000082000000, 0x0000000082000000, 0x0000000082100000|  0%| F|  |TAMS 0x0000000082000000, 0x0000000082000000| Untracked 
|  25|0x0000000082100000, 0x0000000082100000, 0x0000000082200000|  0%| F|  |TAMS 0x0000000082100000, 0x0000000082100000| Untracked 
|  26|0x0000000082200000, 0x0000000082200000, 0x0000000082300000|  0%| F|  |TAMS 0x0000000082200000, 0x0000000082200000| Untracked 
|  27|0x0000000082300000, 0x0000000082300000, 0x0000000082400000|  0%| F|  |TAMS 0x0000000082300000, 0x0000000082300000| Untracked 
|  28|0x0000000082400000, 0x0000000082400000, 0x0000000082500000|  0%| F|  |TAMS 0x0000000082400000, 0x0000000082400000| Untracked 
|  29|0x0000000082500000, 0x0000000082500000, 0x0000000082600000|  0%| F|  |TAMS 0x0000000082500000, 0x0000000082500000| Untracked 
|  30|0x0000000082600000, 0x0000000082600000, 0x0000000082700000|  0%| F|  |TAMS 0x0000000082600000, 0x0000000082600000| Untracked 
|  31|0x0000000082700000, 0x0000000082700000, 0x0000000082800000|  0%| F|  |TAMS 0x0000000082700000, 0x0000000082700000| Untracked 
|  32|0x0000000082800000, 0x0000000082800000, 0x0000000082900000|  0%| F|  |TAMS 0x0000000082800000, 0x0000000082800000| Untracked 
|  33|0x0000000082900000, 0x0000000082900000, 0x0000000082a00000|  0%| F|  |TAMS 0x0000000082900000, 0x0000000082900000| Untracked 
|  34|0x0000000082a00000, 0x0000000082a00000, 0x0000000082b00000|  0%| F|  |TAMS 0x0000000082a00000, 0x0000000082a00000| Untracked 
|  35|0x0000000082b00000, 0x0000000082b00000, 0x0000000082c00000|  0%| F|  |TAMS 0x0000000082b00000, 0x0000000082b00000| Untracked 
|  36|0x0000000082c00000, 0x0000000082c00000, 0x0000000082d00000|  0%| F|  |TAMS 0x0000000082c00000, 0x0000000082c00000| Untracked 
|  37|0x0000000082d00000, 0x0000000082d00000, 0x0000000082e00000|  0%| F|  |TAMS 0x0000000082d00000, 0x0000000082d00000| Untracked 
|  38|0x0000000082e00000, 0x0000000082e00000, 0x0000000082f00000|  0%| F|  |TAMS 0x0000000082e00000, 0x0000000082e00000| Untracked 
|  39|0x0000000082f00000, 0x0000000082f00000, 0x0000000083000000|  0%| F|  |TAMS 0x0000000082f00000, 0x0000000082f00000| Untracked 
|  40|0x0000000083000000, 0x0000000083000000, 0x0000000083100000|  0%| F|  |TAMS 0x0000000083000000, 0x0000000083000000| Untracked 
|  41|0x0000000083100000, 0x0000000083100000, 0x0000000083200000|  0%| F|  |TAMS 0x0000000083100000, 0x0000000083100000| Untracked 
|  42|0x0000000083200000, 0x0000000083200000, 0x0000000083300000|  0%| F|  |TAMS 0x0000000083200000, 0x0000000083200000| Untracked 
|  43|0x0000000083300000, 0x0000000083300000, 0x0000000083400000|  0%| F|  |TAMS 0x0000000083300000, 0x0000000083300000| Untracked 
|  44|0x0000000083400000, 0x0000000083400000, 0x0000000083500000|  0%| F|  |TAMS 0x0000000083400000, 0x0000000083400000| Untracked 
|  45|0x0000000083500000, 0x0000000083500000, 0x0000000083600000|  0%| F|  |TAMS 0x0000000083500000, 0x0000000083500000| Untracked 
|  46|0x0000000083600000, 0x0000000083600000, 0x0000000083700000|  0%| F|  |TAMS 0x0000000083600000, 0x0000000083600000| Untracked 
|  47|0x0000000083700000, 0x0000000083700000, 0x0000000083800000|  0%| F|  |TAMS 0x0000000083700000, 0x0000000083700000| Untracked 
|  48|0x0000000083800000, 0x0000000083800000, 0x0000000083900000|  0%| F|  |TAMS 0x0000000083800000, 0x0000000083800000| Untracked 
|  49|0x0000000083900000, 0x0000000083900000, 0x0000000083a00000|  0%| F|  |TAMS 0x0000000083900000, 0x0000000083900000| Untracked 
|  50|0x0000000083a00000, 0x0000000083a00000, 0x0000000083b00000|  0%| F|  |TAMS 0x0000000083a00000, 0x0000000083a00000| Untracked 
|  51|0x0000000083b00000, 0x0000000083b00000, 0x0000000083c00000|  0%| F|  |TAMS 0x0000000083b00000, 0x0000000083b00000| Untracked 
|  52|0x0000000083c00000, 0x0000000083c00000, 0x0000000083d00000|  0%| F|  |TAMS 0x0000000083c00000, 0x0000000083c00000| Untracked 
|  53|0x0000000083d00000, 0x0000000083d00000, 0x0000000083e00000|  0%| F|  |TAMS 0x0000000083d00000, 0x0000000083d00000| Untracked 
|  54|0x0000000083e00000, 0x0000000083e00000, 0x0000000083f00000|  0%| F|  |TAMS 0x0000000083e00000, 0x0000000083e00000| Untracked 
|  55|0x0000000083f00000, 0x0000000083f00000, 0x0000000084000000|  0%| F|  |TAMS 0x0000000083f00000, 0x0000000083f00000| Untracked 
|  56|0x0000000084000000, 0x0000000084000000, 0x0000000084100000|  0%| F|  |TAMS 0x0000000084000000, 0x0000000084000000| Untracked 
|  57|0x0000000084100000, 0x0000000084100000, 0x0000000084200000|  0%| F|  |TAMS 0x0000000084100000, 0x0000000084100000| Untracked 
|  58|0x0000000084200000, 0x0000000084200000, 0x0000000084300000|  0%| F|  |TAMS 0x0000000084200000, 0x0000000084200000| Untracked 
|  59|0x0000000084300000, 0x0000000084300000, 0x0000000084400000|  0%| F|  |TAMS 0x0000000084300000, 0x0000000084300000| Untracked 
|  60|0x0000000084400000, 0x0000000084400000, 0x0000000084500000|  0%| F|  |TAMS 0x0000000084400000, 0x0000000084400000| Untracked 
|  61|0x0000000084500000, 0x0000000084500000, 0x0000000084600000|  0%| F|  |TAMS 0x0000000084500000, 0x0000000084500000| Untracked 
|  62|0x0000000084600000, 0x0000000084600000, 0x0000000084700000|  0%| F|  |TAMS 0x0000000084600000, 0x0000000084600000| Untracked 
|  63|0x0000000084700000, 0x0000000084700000, 0x0000000084800000|  0%| F|  |TAMS 0x0000000084700000, 0x0000000084700000| Untracked 
|  64|0x0000000084800000, 0x0000000084800000, 0x0000000084900000|  0%| F|  |TAMS 0x0000000084800000, 0x0000000084800000| Untracked 
|  65|0x0000000084900000, 0x0000000084900000, 0x0000000084a00000|  0%| F|  |TAMS 0x0000000084900000, 0x0000000084900000| Untracked 
|  66|0x0000000084a00000, 0x0000000084a00000, 0x0000000084b00000|  0%| F|  |TAMS 0x0000000084a00000, 0x0000000084a00000| Untracked 
|  67|0x0000000084b00000, 0x0000000084b00000, 0x0000000084c00000|  0%| F|  |TAMS 0x0000000084b00000, 0x0000000084b00000| Untracked 
|  68|0x0000000084c00000, 0x0000000084c00000, 0x0000000084d00000|  0%| F|  |TAMS 0x0000000084c00000, 0x0000000084c00000| Untracked 
|  69|0x0000000084d00000, 0x0000000084d00000, 0x0000000084e00000|  0%| F|  |TAMS 0x0000000084d00000, 0x0000000084d00000| Untracked 
|  70|0x0000000084e00000, 0x0000000084e00000, 0x0000000084f00000|  0%| F|  |TAMS 0x0000000084e00000, 0x0000000084e00000| Untracked 
|  71|0x0000000084f00000, 0x0000000084f00000, 0x0000000085000000|  0%| F|  |TAMS 0x0000000084f00000, 0x0000000084f00000| Untracked 
|  72|0x0000000085000000, 0x0000000085000000, 0x0000000085100000|  0%| F|  |TAMS 0x0000000085000000, 0x0000000085000000| Untracked 
|  73|0x0000000085100000, 0x0000000085100000, 0x0000000085200000|  0%| F|  |TAMS 0x0000000085100000, 0x0000000085100000| Untracked 
|  74|0x0000000085200000, 0x0000000085200000, 0x0000000085300000|  0%| F|  |TAMS 0x0000000085200000, 0x0000000085200000| Untracked 
|  75|0x0000000085300000, 0x0000000085300000, 0x0000000085400000|  0%| F|  |TAMS 0x0000000085300000, 0x0000000085300000| Untracked 
|  76|0x0000000085400000, 0x0000000085400000, 0x0000000085500000|  0%| F|  |TAMS 0x0000000085400000, 0x0000000085400000| Untracked 
|  77|0x0000000085500000, 0x0000000085500000, 0x0000000085600000|  0%| F|  |TAMS 0x0000000085500000, 0x0000000085500000| Untracked 
|  78|0x0000000085600000, 0x0000000085600000, 0x0000000085700000|  0%| F|  |TAMS 0x0000000085600000, 0x0000000085600000| Untracked 
|  79|0x0000000085700000, 0x0000000085700000, 0x0000000085800000|  0%| F|  |TAMS 0x0000000085700000, 0x0000000085700000| Untracked 
|  80|0x0000000085800000, 0x0000000085800000, 0x0000000085900000|  0%| F|  |TAMS 0x0000000085800000, 0x0000000085800000| Untracked 
|  81|0x0000000085900000, 0x0000000085900000, 0x0000000085a00000|  0%| F|  |TAMS 0x0000000085900000, 0x0000000085900000| Untracked 
|  82|0x0000000085a00000, 0x0000000085a00000, 0x0000000085b00000|  0%| F|  |TAMS 0x0000000085a00000, 0x0000000085a00000| Untracked 
|  83|0x0000000085b00000, 0x0000000085b00000, 0x0000000085c00000|  0%| F|  |TAMS 0x0000000085b00000, 0x0000000085b00000| Untracked 
|  84|0x0000000085c00000, 0x0000000085c00000, 0x0000000085d00000|  0%| F|  |TAMS 0x0000000085c00000, 0x0000000085c00000| Untracked 
|  85|0x0000000085d00000, 0x0000000085d00000, 0x0000000085e00000|  0%| F|  |TAMS 0x0000000085d00000, 0x0000000085d00000| Untracked 
|  86|0x0000000085e00000, 0x0000000085e00000, 0x0000000085f00000|  0%| F|  |TAMS 0x0000000085e00000, 0x0000000085e00000| Untracked 
|  87|0x0000000085f00000, 0x0000000085f00000, 0x0000000086000000|  0%| F|  |TAMS 0x0000000085f00000, 0x0000000085f00000| Untracked 
|  88|0x0000000086000000, 0x0000000086000000, 0x0000000086100000|  0%| F|  |TAMS 0x0000000086000000, 0x0000000086000000| Untracked 
|  89|0x0000000086100000, 0x0000000086100000, 0x0000000086200000|  0%| F|  |TAMS 0x0000000086100000, 0x0000000086100000| Untracked 
|  90|0x0000000086200000, 0x0000000086200000, 0x0000000086300000|  0%| F|  |TAMS 0x0000000086200000, 0x0000000086200000| Untracked 
|  91|0x0000000086300000, 0x0000000086300000, 0x0000000086400000|  0%| F|  |TAMS 0x0000000086300000, 0x0000000086300000| Untracked 
|  92|0x0000000086400000, 0x0000000086400000, 0x0000000086500000|  0%| F|  |TAMS 0x0000000086400000, 0x0000000086400000| Untracked 
|  93|0x0000000086500000, 0x0000000086500000, 0x0000000086600000|  0%| F|  |TAMS 0x0000000086500000, 0x0000000086500000| Untracked 
|  94|0x0000000086600000, 0x0000000086600000, 0x0000000086700000|  0%| F|  |TAMS 0x0000000086600000, 0x0000000086600000| Untracked 
|  95|0x0000000086700000, 0x0000000086700000, 0x0000000086800000|  0%| F|  |TAMS 0x0000000086700000, 0x0000000086700000| Untracked 
|  96|0x0000000086800000, 0x0000000086800000, 0x0000000086900000|  0%| F|  |TAMS 0x0000000086800000, 0x0000000086800000| Untracked 
|  97|0x0000000086900000, 0x0000000086900000, 0x0000000086a00000|  0%| F|  |TAMS 0x0000000086900000, 0x0000000086900000| Untracked 
|  98|0x0000000086a00000, 0x0000000086a00000, 0x0000000086b00000|  0%| F|  |TAMS 0x0000000086a00000, 0x0000000086a00000| Untracked 
|  99|0x0000000086b00000, 0x0000000086b00000, 0x0000000086c00000|  0%| F|  |TAMS 0x0000000086b00000, 0x0000000086b00000| Untracked 
| 100|0x0000000086c00000, 0x0000000086c00000, 0x0000000086d00000|  0%| F|  |TAMS 0x0000000086c00000, 0x0000000086c00000| Untracked 
| 101|0x0000000086d00000, 0x0000000086d00000, 0x0000000086e00000|  0%| F|  |TAMS 0x0000000086d00000, 0x0000000086d00000| Untracked 
| 102|0x0000000086e00000, 0x0000000086e00000, 0x0000000086f00000|  0%| F|  |TAMS 0x0000000086e00000, 0x0000000086e00000| Untracked 
| 103|0x0000000086f00000, 0x0000000086f00000, 0x0000000087000000|  0%| F|  |TAMS 0x0000000086f00000, 0x0000000086f00000| Untracked 
| 104|0x0000000087000000, 0x0000000087000000, 0x0000000087100000|  0%| F|  |TAMS 0x0000000087000000, 0x0000000087000000| Untracked 
| 105|0x0000000087100000, 0x0000000087100000, 0x0000000087200000|  0%| F|  |TAMS 0x0000000087100000, 0x0000000087100000| Untracked 
| 106|0x0000000087200000, 0x0000000087200000, 0x0000000087300000|  0%| F|  |TAMS 0x0000000087200000, 0x0000000087200000| Untracked 
| 107|0x0000000087300000, 0x0000000087300000, 0x0000000087400000|  0%| F|  |TAMS 0x0000000087300000, 0x0000000087300000| Untracked 
| 108|0x0000000087400000, 0x0000000087400000, 0x0000000087500000|  0%| F|  |TAMS 0x0000000087400000, 0x0000000087400000| Untracked 
| 109|0x0000000087500000, 0x0000000087500000, 0x0000000087600000|  0%| F|  |TAMS 0x0000000087500000, 0x0000000087500000| Untracked 
| 110|0x0000000087600000, 0x0000000087600000, 0x0000000087700000|  0%| F|  |TAMS 0x0000000087600000, 0x0000000087600000| Untracked 
| 111|0x0000000087700000, 0x0000000087700000, 0x0000000087800000|  0%| F|  |TAMS 0x0000000087700000, 0x0000000087700000| Untracked 
| 112|0x0000000087800000, 0x0000000087800000, 0x0000000087900000|  0%| F|  |TAMS 0x0000000087800000, 0x0000000087800000| Untracked 
| 113|0x0000000087900000, 0x0000000087900000, 0x0000000087a00000|  0%| F|  |TAMS 0x0000000087900000, 0x0000000087900000| Untracked 
| 114|0x0000000087a00000, 0x0000000087a00000, 0x0000000087b00000|  0%| F|  |TAMS 0x0000000087a00000, 0x0000000087a00000| Untracked 
| 115|0x0000000087b00000, 0x0000000087b00000, 0x0000000087c00000|  0%| F|  |TAMS 0x0000000087b00000, 0x0000000087b00000| Untracked 
| 116|0x0000000087c00000, 0x0000000087c00000, 0x0000000087d00000|  0%| F|  |TAMS 0x0000000087c00000, 0x0000000087c00000| Untracked 
| 117|0x0000000087d00000, 0x0000000087d00000, 0x0000000087e00000|  0%| F|  |TAMS 0x0000000087d00000, 0x0000000087d00000| Untracked 
| 118|0x0000000087e00000, 0x0000000087e00000, 0x0000000087f00000|  0%| F|  |TAMS 0x0000000087e00000, 0x0000000087e00000| Untracked 
| 119|0x0000000087f00000, 0x0000000087f00000, 0x0000000088000000|  0%| F|  |TAMS 0x0000000087f00000, 0x0000000087f00000| Untracked 
| 120|0x0000000088000000, 0x0000000088000000, 0x0000000088100000|  0%| F|  |TAMS 0x0000000088000000, 0x0000000088000000| Untracked 
| 121|0x0000000088100000, 0x0000000088100000, 0x0000000088200000|  0%| F|  |TAMS 0x0000000088100000, 0x0000000088100000| Untracked 
| 122|0x0000000088200000, 0x0000000088200000, 0x0000000088300000|  0%| F|  |TAMS 0x0000000088200000, 0x0000000088200000| Untracked 
| 123|0x0000000088300000, 0x0000000088300000, 0x0000000088400000|  0%| F|  |TAMS 0x0000000088300000, 0x0000000088300000| Untracked 
| 124|0x0000000088400000, 0x0000000088486610, 0x0000000088500000| 52%| E|  |TAMS 0x0000000088400000, 0x0000000088400000| Complete 
| 125|0x0000000088500000, 0x0000000088600000, 0x0000000088600000|100%| E|CS|TAMS 0x0000000088500000, 0x0000000088500000| Complete 
| 126|0x0000000088600000, 0x0000000088700000, 0x0000000088700000|100%| E|CS|TAMS 0x0000000088600000, 0x0000000088600000| Complete 
| 127|0x0000000088700000, 0x0000000088800000, 0x0000000088800000|100%| E|CS|TAMS 0x0000000088700000, 0x0000000088700000| Complete 

Card table byte_map: [0x00000170d7d40000,0x00000170d8140000] _byte_map_base: 0x00000170d793c000

Marking Bits (Prev, Next): (CMBitMap*) 0x00000170c5d26650, (CMBitMap*) 0x00000170c5d26690
 Prev Bits: [0x00000170d8540000, 0x00000170da520000)
 Next Bits: [0x00000170da520000, 0x00000170dc500000)

Polling page: 0x00000170c3e40000

Metaspace:

Usage:
  Non-class:      4.01 MB used.
      Class:    428.49 KB used.
       Both:      4.43 MB used.

Virtual space:
  Non-class space:        8.00 MB reserved,       4.06 MB ( 51%) committed,  1 nodes.
      Class space:        1.00 GB reserved,     512.00 KB ( <1%) committed,  1 nodes.
             Both:        1.01 GB reserved,       4.56 MB ( <1%) committed. 

Chunk freelists:
   Non-Class:  3.92 MB
       Class:  3.55 MB
        Both:  7.47 MB

MaxMetaspaceSize: unlimited
CompressedClassSpaceSize: 1.00 GB
Initial GC threshold: 21.00 MB
Current GC threshold: 21.00 MB
CDS: off
MetaspaceReclaimPolicy: balanced
 - commit_granule_bytes: 65536.
 - commit_granule_words: 8192.
 - virtual_space_node_default_size: 1048576.
 - enlarge_chunks_in_place: 1.
 - new_chunks_are_fully_committed: 0.
 - uncommit_free_chunks: 1.
 - use_allocation_guard: 0.
 - handle_deallocations: 1.


Internal statistics:

num_allocs_failed_limit: 0.
num_arena_births: 4.
num_arena_deaths: 0.
num_vsnodes_births: 2.
num_vsnodes_deaths: 0.
num_space_committed: 73.
num_space_uncommitted: 0.
num_chunks_returned_to_freelist: 0.
num_chunks_taken_from_freelist: 14.
num_chunk_merges: 0.
num_chunk_splits: 6.
num_chunks_enlarged: 6.
num_purges: 0.
num_inconsistent_stats: 0.

CodeHeap 'non-profiled nmethods': size=120000Kb used=59Kb max_used=59Kb free=119940Kb
 bounds [0x00000170d0410000, 0x00000170d0680000, 0x00000170d7940000]
CodeHeap 'profiled nmethods': size=120000Kb used=300Kb max_used=300Kb free=119699Kb
 bounds [0x00000170c8940000, 0x00000170c8bb0000, 0x00000170cfe70000]
CodeHeap 'non-nmethods': size=5760Kb used=1059Kb max_used=1073Kb free=4700Kb
 bounds [0x00000170cfe70000, 0x00000170d00e0000, 0x00000170d0410000]
 total_blobs=531 nmethods=208 adapters=236
 compilation: enabled
              stopped_count=0, restarted_count=0
 full_count=0

Compilation events (20 events):
Event: 0.238 Thread 0x00000170df409ee0  199       3       java.lang.String::replace (42 bytes)
Event: 0.238 Thread 0x00000170df409ee0 nmethod 199 0x00000170c8985890 code [0x00000170c8985a60, 0x00000170c8985d98]
Event: 0.238 Thread 0x00000170df409ee0  200       1       java.util.jar.Attributes$Name::hashCode (5 bytes)
Event: 0.238 Thread 0x00000170df409ee0 nmethod 200 0x00000170d041df10 code [0x00000170d041e0a0, 0x00000170d041e178]
Event: 0.239 Thread 0x00000170df409ee0  201       3       java.lang.Character::toLowerCase (9 bytes)
Event: 0.240 Thread 0x00000170df5a5bd0  202       4       java.lang.StringLatin1::indexOfChar (33 bytes)
Event: 0.240 Thread 0x00000170df409ee0 nmethod 201 0x00000170c8985e90 code [0x00000170c8986040, 0x00000170c8986238]
Event: 0.241 Thread 0x00000170df409ee0  203       3       java.lang.CharacterDataLatin1::toUpperCase (53 bytes)
Event: 0.241 Thread 0x00000170df409ee0 nmethod 203 0x00000170c8986310 code [0x00000170c89864c0, 0x00000170c8986758]
Event: 0.242 Thread 0x00000170df5a5bd0 nmethod 202 0x00000170d041e210 code [0x00000170d041e380, 0x00000170d041e538]
Event: 0.242 Thread 0x00000170df409ee0  204       3       java.lang.String::<init> (828 bytes)
Event: 0.244 Thread 0x00000170df408ca0  207       4       java.util.concurrent.ConcurrentHashMap::spread (10 bytes)
Event: 0.244 Thread 0x00000170df408ca0 nmethod 207 0x00000170d041e610 code [0x00000170d041e780, 0x00000170d041e7f8]
Event: 0.245 Thread 0x00000170df409ee0 nmethod 204 0x00000170c8986890 code [0x00000170c8986e00, 0x00000170c8989fa8]
Event: 0.245 Thread 0x00000170df409ee0  205       3       java.util.jar.Manifest$FastInputStream::readLine (9 bytes)
Event: 0.245 Thread 0x00000170df409ee0 nmethod 205 0x00000170c898ae10 code [0x00000170c898afc0, 0x00000170c898b128]
Event: 0.245 Thread 0x00000170df409ee0  206       1       java.util.LinkedHashMap::removeEldestEntry (2 bytes)
Event: 0.245 Thread 0x00000170df409ee0 nmethod 206 0x00000170d041e910 code [0x00000170d041eaa0, 0x00000170d041eb78]
Event: 0.249 Thread 0x00000170df409ee0  208       1       java.lang.module.ModuleDescriptor::isOpen (5 bytes)
Event: 0.249 Thread 0x00000170df409ee0 nmethod 208 0x00000170d041ec10 code [0x00000170d041eda0, 0x00000170d041ee78]

GC Heap History (0 events):
No events

Dll operation events (4 events):
Event: 0.009 Loaded shared library C:\Users\victo\.vscode\extensions\redhat.java-1.15.0-win32-x64\jre\17.0.6-win32-x86_64\bin\java.dll
Event: 0.142 Loaded shared library C:\Users\victo\.vscode\extensions\redhat.java-1.15.0-win32-x64\jre\17.0.6-win32-x86_64\bin\net.dll
Event: 0.144 Loaded shared library C:\Users\victo\.vscode\extensions\redhat.java-1.15.0-win32-x64\jre\17.0.6-win32-x86_64\bin\nio.dll
Event: 0.153 Loaded shared library C:\Users\victo\.vscode\extensions\redhat.java-1.15.0-win32-x64\jre\17.0.6-win32-x86_64\bin\zip.dll

Deoptimization events (18 events):
Event: 0.154 Thread 0x00000170c5cca000 DEOPT PACKING pc=0x00000170c8958a0c sp=0x00000010e01fdd00
Event: 0.154 Thread 0x00000170c5cca000 DEOPT UNPACKING pc=0x00000170cfec7143 sp=0x00000010e01fd190 mode 0
Event: 0.154 Thread 0x00000170c5cca000 DEOPT PACKING pc=0x00000170c8958a0c sp=0x00000010e01fdd00
Event: 0.154 Thread 0x00000170c5cca000 DEOPT UNPACKING pc=0x00000170cfec7143 sp=0x00000010e01fd190 mode 0
Event: 0.154 Thread 0x00000170c5cca000 DEOPT PACKING pc=0x00000170c8958a0c sp=0x00000010e01fdd00
Event: 0.154 Thread 0x00000170c5cca000 DEOPT UNPACKING pc=0x00000170cfec7143 sp=0x00000010e01fd190 mode 0
Event: 0.155 Thread 0x00000170c5cca000 DEOPT PACKING pc=0x00000170c8958a0c sp=0x00000010e01fdd00
Event: 0.155 Thread 0x00000170c5cca000 DEOPT UNPACKING pc=0x00000170cfec7143 sp=0x00000010e01fd190 mode 0
Event: 0.155 Thread 0x00000170c5cca000 DEOPT PACKING pc=0x00000170c8958a0c sp=0x00000010e01fdd00
Event: 0.155 Thread 0x00000170c5cca000 DEOPT UNPACKING pc=0x00000170cfec7143 sp=0x00000010e01fd190 mode 0
Event: 0.155 Thread 0x00000170c5cca000 DEOPT PACKING pc=0x00000170c8958a0c sp=0x00000010e01fdd00
Event: 0.155 Thread 0x00000170c5cca000 DEOPT UNPACKING pc=0x00000170cfec7143 sp=0x00000010e01fd190 mode 0
Event: 0.155 Thread 0x00000170c5cca000 DEOPT PACKING pc=0x00000170c8958a0c sp=0x00000010e01fdd00
Event: 0.155 Thread 0x00000170c5cca000 DEOPT UNPACKING pc=0x00000170cfec7143 sp=0x00000010e01fd190 mode 0
Event: 0.228 Thread 0x00000170c5cca000 DEOPT PACKING pc=0x00000170c8957767 sp=0x00000010e01fcaa0
Event: 0.228 Thread 0x00000170c5cca000 DEOPT UNPACKING pc=0x00000170cfec7143 sp=0x00000010e01fbec0 mode 0
Event: 0.240 Thread 0x00000170c5cca000 DEOPT PACKING pc=0x00000170c89479d1 sp=0x00000010e01fd050
Event: 0.240 Thread 0x00000170c5cca000 DEOPT UNPACKING pc=0x00000170cfec7143 sp=0x00000010e01fc4c8 mode 0

Classes unloaded (0 events):
No events

Classes redefined (0 events):
No events

Internal exceptions (0 events):
No events

VM Operations (2 events):
Event: 0.170 Executing VM operation: HandshakeAllThreads
Event: 0.170 Executing VM operation: HandshakeAllThreads done

Events (20 events):
Event: 0.235 loading class java/util/zip/Checksum$1 done
Event: 0.246 loading class java/util/concurrent/ConcurrentHashMap$KeySetView
Event: 0.246 loading class java/util/concurrent/ConcurrentHashMap$KeySetView done
Event: 0.247 loading class java/util/logging/Logger
Event: 0.247 loading class java/util/logging/Logger done
Event: 0.248 loading class java/util/logging/Handler
Event: 0.248 loading class java/util/logging/Handler done
Event: 0.248 loading class java/util/logging/Level
Event: 0.248 loading class java/util/logging/Level done
Event: 0.248 loading class java/util/logging/Level$KnownLevel
Event: 0.248 loading class java/util/logging/Level$KnownLevel done
Event: 0.248 loading class java/lang/invoke/LambdaMetafactory
Event: 0.248 loading class java/lang/invoke/LambdaMetafactory done
Event: 0.248 loading class java/lang/invoke/MethodType$ConcurrentWeakInternSet
Event: 0.248 loading class java/lang/invoke/MethodType$ConcurrentWeakInternSet done
Event: 0.249 loading class java/lang/invoke/MethodTypeForm
Event: 0.249 loading class java/lang/invoke/MethodTypeForm done
Event: 0.249 loading class java/lang/invoke/MethodType$ConcurrentWeakInternSet$WeakEntry
Event: 0.249 loading class java/lang/invoke/MethodType$ConcurrentWeakInternSet$WeakEntry done
Event: 0.249 loading class sun/invoke/util/Wrapper


Dynamic libraries:
0x00007ff7e7d00000 - 0x00007ff7e7d0e000 	C:\Users\victo\.vscode\extensions\redhat.java-1.15.0-win32-x64\jre\17.0.6-win32-x86_64\bin\java.exe
0x00007ffa836f0000 - 0x00007ffa83907000 	C:\WINDOWS\SYSTEM32\ntdll.dll
0x00007ffa81dc0000 - 0x00007ffa81e84000 	C:\WINDOWS\System32\KERNEL32.DLL
0x00007ffa80c70000 - 0x00007ffa81016000 	C:\WINDOWS\System32\KERNELBASE.dll
0x00007ffa7cd60000 - 0x00007ffa7cdf7000 	C:\WINDOWS\SYSTEM32\apphelp.dll
0x00007ffa81330000 - 0x00007ffa81441000 	C:\WINDOWS\System32\ucrtbase.dll
0x00007ffa79af0000 - 0x00007ffa79b07000 	C:\Users\victo\.vscode\extensions\redhat.java-1.15.0-win32-x64\jre\17.0.6-win32-x86_64\bin\jli.dll
0x00007ffa83220000 - 0x00007ffa833cd000 	C:\WINDOWS\System32\USER32.dll
0x00007ffa80c40000 - 0x00007ffa80c66000 	C:\WINDOWS\System32\win32u.dll
0x00007ffa82700000 - 0x00007ffa82729000 	C:\WINDOWS\System32\GDI32.dll
0x00007ffa79400000 - 0x00007ffa79419000 	C:\Users\victo\.vscode\extensions\redhat.java-1.15.0-win32-x64\jre\17.0.6-win32-x86_64\bin\VCRUNTIME140.dll
0x00007ffa81210000 - 0x00007ffa81328000 	C:\WINDOWS\System32\gdi32full.dll
0x00007ffa80ba0000 - 0x00007ffa80c3a000 	C:\WINDOWS\System32\msvcp_win.dll
0x00007ffa69900000 - 0x00007ffa69b93000 	C:\WINDOWS\WinSxS\amd64_microsoft.windows.common-controls_6595b64144ccf1df_6.0.22621.2361_none_2712ced57382f843\COMCTL32.dll
0x00007ffa83600000 - 0x00007ffa836a7000 	C:\WINDOWS\System32\msvcrt.dll
0x00007ffa815f0000 - 0x00007ffa81621000 	C:\WINDOWS\System32\IMM32.DLL
0x00007ffa79ae0000 - 0x00007ffa79aec000 	C:\Users\victo\.vscode\extensions\redhat.java-1.15.0-win32-x64\jre\17.0.6-win32-x86_64\bin\vcruntime140_1.dll
0x00007ffa25950000 - 0x00007ffa259e1000 	C:\Users\victo\.vscode\extensions\redhat.java-1.15.0-win32-x64\jre\17.0.6-win32-x86_64\bin\msvcp140.dll
0x00007ff9e9eb0000 - 0x00007ff9eaaf7000 	C:\Users\victo\.vscode\extensions\redhat.java-1.15.0-win32-x64\jre\17.0.6-win32-x86_64\bin\server\jvm.dll
0x00007ffa83480000 - 0x00007ffa83530000 	C:\WINDOWS\System32\ADVAPI32.dll
0x00007ffa833d0000 - 0x00007ffa83476000 	C:\WINDOWS\System32\sechost.dll
0x00007ffa825e0000 - 0x00007ffa826f7000 	C:\WINDOWS\System32\RPCRT4.dll
0x00007ffa75ca0000 - 0x00007ffa75ca9000 	C:\WINDOWS\SYSTEM32\WSOCK32.dll
0x00007ffa73190000 - 0x00007ffa731c4000 	C:\WINDOWS\SYSTEM32\WINMM.dll
0x00007ffa81460000 - 0x00007ffa814d1000 	C:\WINDOWS\System32\WS2_32.dll
0x00007ffa76d40000 - 0x00007ffa76d4a000 	C:\WINDOWS\SYSTEM32\VERSION.dll
0x00007ffa7fa10000 - 0x00007ffa7fa28000 	C:\WINDOWS\SYSTEM32\kernel.appcore.dll
0x00007ffa79500000 - 0x00007ffa7950a000 	C:\Users\victo\.vscode\extensions\redhat.java-1.15.0-win32-x64\jre\17.0.6-win32-x86_64\bin\jimage.dll
0x00007ffa79c80000 - 0x00007ffa79eae000 	C:\WINDOWS\SYSTEM32\DBGHELP.DLL
0x00007ffa81e90000 - 0x00007ffa8221a000 	C:\WINDOWS\System32\combase.dll
0x00007ffa83140000 - 0x00007ffa83217000 	C:\WINDOWS\System32\OLEAUT32.dll
0x00007ffa77da0000 - 0x00007ffa77dd2000 	C:\WINDOWS\SYSTEM32\dbgcore.DLL
0x00007ffa81020000 - 0x00007ffa8109a000 	C:\WINDOWS\System32\bcryptPrimitives.dll
0x00007ffa6c6a0000 - 0x00007ffa6c6c5000 	C:\Users\victo\.vscode\extensions\redhat.java-1.15.0-win32-x64\jre\17.0.6-win32-x86_64\bin\java.dll
0x00007ffa75480000 - 0x00007ffa75498000 	C:\Users\victo\.vscode\extensions\redhat.java-1.15.0-win32-x64\jre\17.0.6-win32-x86_64\bin\zip.dll
0x00007ffa82830000 - 0x00007ffa83088000 	C:\WINDOWS\System32\SHELL32.dll
0x00007ffa7e980000 - 0x00007ffa7f272000 	C:\WINDOWS\SYSTEM32\windows.storage.dll
0x00007ffa7e840000 - 0x00007ffa7e97e000 	C:\WINDOWS\SYSTEM32\wintypes.dll
0x00007ffa82730000 - 0x00007ffa82823000 	C:\WINDOWS\System32\SHCORE.dll
0x00007ffa83530000 - 0x00007ffa8358e000 	C:\WINDOWS\System32\shlwapi.dll
0x00007ffa809a0000 - 0x00007ffa809c6000 	C:\WINDOWS\SYSTEM32\profapi.dll
0x00007ffa75420000 - 0x00007ffa75439000 	C:\Users\victo\.vscode\extensions\redhat.java-1.15.0-win32-x64\jre\17.0.6-win32-x86_64\bin\net.dll
0x00007ffa7ae20000 - 0x00007ffa7af57000 	C:\WINDOWS\SYSTEM32\WINHTTP.dll
0x00007ffa7ff60000 - 0x00007ffa7ffc9000 	C:\WINDOWS\system32\mswsock.dll
0x00007ffa6b670000 - 0x00007ffa6b685000 	C:\Users\victo\.vscode\extensions\redhat.java-1.15.0-win32-x64\jre\17.0.6-win32-x86_64\bin\nio.dll

dbghelp: loaded successfully - version: 4.0.5 - missing functions: none
symbol engine: initialized successfully - sym options: 0x614 - pdb path: .;C:\Users\victo\.vscode\extensions\redhat.java-1.15.0-win32-x64\jre\17.0.6-win32-x86_64\bin;C:\WINDOWS\SYSTEM32;C:\WINDOWS\WinSxS\amd64_microsoft.windows.common-controls_6595b64144ccf1df_6.0.22621.2361_none_2712ced57382f843;C:\Users\victo\.vscode\extensions\redhat.java-1.15.0-win32-x64\jre\17.0.6-win32-x86_64\bin\server

VM Arguments:
jvm_args: -ea -XX:+ShowCodeDetailsInExceptionMessages -Dfile.encoding=UTF-8 
java_command: org.eclipse.jdt.internal.junit.runner.RemoteTestRunner -version 3 -port 64789 -testLoaderClass org.eclipse.jdt.internal.junit5.runner.JUnit5TestLoader -loaderpluginname org.eclipse.jdt.junit5.runtime -test org.es2locadora.unit.ClienteTest:naoDeveCriarClienteSemAtributoObrigatorio
java_class_path (initial): c:\Users\victo\v1ctor\faculdade\Engenharia de Software II\atv2\target\test-classes;c:\Users\victo\v1ctor\faculdade\Engenharia de Software II\atv2\target\classes;c:\Users\victo\.m2\repository\org\projectlombok\lombok\1.18.30\lombok-1.18.30.jar;c:\Users\victo\.m2\repository\mysql\mysql-connector-java\8.0.28\mysql-connector-java-8.0.28.jar;c:\Users\victo\.m2\repository\com\google\protobuf\protobuf-java\3.11.4\protobuf-java-3.11.4.jar;c:\Users\victo\.m2\repository\org\hibernate\javax\persistence\hibernate-jpa-2.1-api\1.0.2.Final\hibernate-jpa-2.1-api-1.0.2.Final.jar;c:\Users\victo\.m2\repository\org\hibernate\hibernate-core\5.4.24.Final\hibernate-core-5.4.24.Final.jar;c:\Users\victo\.m2\repository\org\jboss\logging\jboss-logging\3.4.1.Final\jboss-logging-3.4.1.Final.jar;c:\Users\victo\.m2\repository\javax\persistence\javax.persistence-api\2.2\javax.persistence-api-2.2.jar;c:\Users\victo\.m2\repository\org\javassist\javassist\3.27.0-GA\javassist-3.27.0-GA.jar;c:\Users\victo\.m2\repository\net\bytebuddy\byte-buddy\1.10.17\byte-buddy-1.10.17.jar;c:\Users\victo\.m2\repository\antlr\antlr\2.7.7\antlr-2.7.7.jar;c:\Users\victo\.m2\repository\org\jboss\spec\javax\transaction\jboss-transaction-api_1.2_spec\1.1.1.Final\jboss-transaction-api_1.2_spec-1.1.1.Final.jar;c:\Users\victo\.m2\repository\org\jboss\jandex\2.1.3.Final\jandex-2.1.3.Final.jar;c:\Users\victo\.m2\repository\com\fasterxml\classmate\1.5.1\classmate-1.5.1.jar;c:\Users\victo\.m2\repository\javax\activation\javax.activation-api\1.2.0\javax.activation-api-1.2.0.jar;c:\Users\victo\.m2\repository\org\dom4j\dom4j\2.1.3\dom4j-2.1.3.jar;c:\Users\victo\.m2\repository\org\hibernate\common\hibernate-commons-annotations\5.1.2.Final\hibernate-commons-annotations-5.1.2.Final.jar;c:\Users\victo\.m2\repository\javax\xml\bind\jaxb-api\2.3.1\jaxb-api-2.3.1.jar;c:\Users\victo\.m2\repository\org\glassfish\jaxb\jaxb-runtime\2.3.1\jaxb-runtime-2.3.1.jar;c:\Users\victo\.m2\repository\org\glassfish\jaxb\txw2\2
Launcher Type: SUN_STANDARD

[Global flags]
     intx CICompilerCount                          = 3                                         {product} {ergonomic}
     uint ConcGCThreads                            = 1                                         {product} {ergonomic}
     uint G1ConcRefinementThreads                  = 4                                         {product} {ergonomic}
   size_t G1HeapRegionSize                         = 1048576                                   {product} {ergonomic}
    uintx GCDrainStackTargetSize                   = 64                                        {product} {ergonomic}
   size_t InitialHeapSize                          = 134217728                                 {product} {ergonomic}
   size_t MarkStackSize                            = 4194304                                   {product} {ergonomic}
   size_t MaxHeapSize                              = 2139095040                                {product} {ergonomic}
   size_t MaxNewSize                               = 1283457024                                {product} {ergonomic}
   size_t MinHeapDeltaBytes                        = 1048576                                   {product} {ergonomic}
   size_t MinHeapSize                              = 8388608                                   {product} {ergonomic}
    uintx NonNMethodCodeHeapSize                   = 5832780                                {pd product} {ergonomic}
    uintx NonProfiledCodeHeapSize                  = 122912730                              {pd product} {ergonomic}
    uintx ProfiledCodeHeapSize                     = 122912730                              {pd product} {ergonomic}
    uintx ReservedCodeCacheSize                    = 251658240                              {pd product} {ergonomic}
     bool SegmentedCodeCache                       = true                                      {product} {ergonomic}
     bool ShowCodeDetailsInExceptionMessages       = true                                   {manageable} {command line}
   size_t SoftMaxHeapSize                          = 2139095040                             {manageable} {ergonomic}
     bool UseCompressedClassPointers               = true                           {product lp64_product} {ergonomic}
     bool UseCompressedOops                        = true                           {product lp64_product} {ergonomic}
     bool UseG1GC                                  = true                                      {product} {ergonomic}
     bool UseLargePagesIndividualAllocation        = false                                  {pd product} {ergonomic}

Logging:
Log output configuration:
 #0: stdout all=warning uptime,level,tags
 #1: stderr all=off uptime,level,tags

Environment Variables:
JAVA_HOME=C:\Program Files\Amazon Corretto\jdk17.0.7_7
PATH=C:\Program Files\Amazon Corretto\jdk17.0.7_7\bin;C:\Program Files\Common Files\Oracle\Java\javapath;C:\Program Files (x86)\Common Files\Oracle\Java\javapath;C:\Program Files (x86)\NVIDIA Corporation\PhysX\Common;C:\Python310\Scripts\;C:\Python310\;C:\WINDOWS\system32;C:\WINDOWS;C:\WINDOWS\System32\Wbem;C:\WINDOWS\System32\WindowsPowerShell\v1.0\;C:\WINDOWS\System32\OpenSSH\;C:\Program Files\dotnet\;C:\Program Files (x86)\GtkSharp\2.12\bin;C:\ProgramData\chocolatey\bin;C:\Program Files\Git\cmd;C:\tools\php81;C:\Program Files\nodejs\;C:\Program Files (x86)\dotnet\;C:\ProgramData\ComposerSetup\bin;C:\Program Files\Docker\Docker\resources\bin;C:\Program Files\Microsoft SQL Server\150\Tools\Binn\;C:\Program Files\Microsoft SQL Server\Client SDK\ODBC\170\Tools\Binn\;C:\Program Files\Conan\conan;C:\Program Files\MySQL\MySQL Shell 8.0\bin\;C:\Users\victo\AppData\Local\Microsoft\WindowsApps;C:\Program Files\JetBrains\IntelliJ IDEA 2022.1.3\bin;C:\Users\victo\.dotnet\tools;C:\Program Files\Microsoft VS Code\bin;C:\tools\mysql\current\bin;C:\Users\victo\AppData\Roaming\npm;C:\Users\victo\AppData\Roaming\Composer\vendor\bin;C:\tools\flutter\bin;C:\Users\victo\AppData\Local\GitHubDesktop\bin;C:\Program Files\w64devkit\bin
USERNAME=victo
OS=Windows_NT
PROCESSOR_IDENTIFIER=Intel64 Family 6 Model 158 Stepping 10, GenuineIntel
TMP=C:\Users\victo\AppData\Local\Temp
TEMP=C:\Users\victo\AppData\Local\Temp



---------------  S Y S T E M  ---------------

OS:
 Windows 11 , 64 bit Build 22621 (10.0.22621.2428)
OS uptime: 1 days 21:48 hours
Hyper-V role detected

CPU: total 4 (initial active 4) (4 cores per cpu, 1 threads per core) family 6 model 158 stepping 10 microcode 0xde, cx8, cmov, fxsr, mmx, 3dnowpref, sse, sse2, sse3, ssse3, sse4.1, sse4.2, popcnt, lzcnt, tsc, tscinvbit, avx, avx2, aes, erms, clmul, bmi1, bmi2, adx, fma, vzeroupper, clflush, clflushopt, hv

Memory: 4k page, system-wide physical 8154M (1123M free)
TotalPageFile size 16308M (AvailPageFile size 3M)
current process WorkingSet (physical memory assigned to process): 35M, peak: 35M
current process commit charge ("private bytes"): 196M, peak: 196M

vm_info: OpenJDK 64-Bit Server VM (17.0.6+10) for windows-amd64 JRE (17.0.6+10), built on Jan 18 2023 10:08:59 by "temurin" with MS VC++ 16.7 (VS2019)

END.
